#
# There is insufficient memory for the Java Runtime Environment to continue.
# Native memory allocation (mmap) failed to map 140509184 bytes. Error detail: G1 virtual space
# Possible reasons:
#   The system is out of physical RAM or swap space
#   This process is running with CompressedOops enabled, and the Java Heap may be blocking the growth of the native heap
# Possible solutions:
#   Reduce memory load on the system
#   Increase physical memory or swap space
#   Check if swap backing store is full
#   Decrease Java heap size (-Xmx/-Xms)
#   Decrease number of Java threads
#   Decrease Java thread stack sizes (-Xss)
#   Set larger code cache with -XX:ReservedCodeCacheSize=
#   JVM is running with Zero Based Compressed Oops mode in which the Java heap is
#     placed in the first 32GB address space. The Java Heap base address is the
#     maximum limit for the native heap growth. Please use -XX:HeapBaseMinAddress
#     to set the Java Heap base and to place the Java Heap above 32GB virtual address.
# This output file may be truncated or incomplete.
#
#  Out of Memory Error (os_windows.cpp:3618), pid=8908, tid=18912
#
# JRE version: OpenJDK Runtime Environment Corretto-17.0.16.8.1 (17.0.16+8) (build 17.0.16+8-LTS)
# Java VM: OpenJDK 64-Bit Server VM Corretto-17.0.16.8.1 (17.0.16+8-LTS, mixed mode, sharing, tiered, compressed oops, compressed class ptrs, g1 gc, windows-amd64)
# No core dump will be written. Minidumps are not enabled by default on client versions of Windows
#

---------------  S U M M A R Y ------------

Command Line: org.jetbrains.kotlin.cli.jvm.K2JVMCompiler @C:\WiseYoung1206_2\WiseYoung1206_2\WiseYoung\app\build\20251208_2924827280835700140.compiler.options

Host: 12th Gen Intel(R) Core(TM) i7-12700, 20 cores, 15G,  Windows 11 , 64 bit Build 26100 (10.0.26100.4768)
Time: Mon Dec  8 11:30:30 2025  Windows 11 , 64 bit Build 26100 (10.0.26100.4768) elapsed time: 64.191110 seconds (0d 0h 1m 4s)

---------------  T H R E A D  ---------------

Current thread (0x000002146bd785b0):  VMThread "VM Thread" [stack: 0x000000dc6bf00000,0x000000dc6c000000] [id=18912]

Stack: [0x000000dc6bf00000,0x000000dc6c000000]
Native frames: (J=compiled Java code, j=interpreted, Vv=VM code, C=native code)
V  [jvm.dll+0x681329]
V  [jvm.dll+0x838dda]
V  [jvm.dll+0x83a89e]
V  [jvm.dll+0x83af03]
V  [jvm.dll+0x2484af]
V  [jvm.dll+0x67e059]
V  [jvm.dll+0x672b2a]
V  [jvm.dll+0x30849b]
V  [jvm.dll+0x30f986]
V  [jvm.dll+0x35fcfe]
V  [jvm.dll+0x35ff3f]
V  [jvm.dll+0x2df44c]
V  [jvm.dll+0x2dd80f]
V  [jvm.dll+0x2dcf3c]
V  [jvm.dll+0x3206db]
V  [jvm.dll+0x83f3fd]
V  [jvm.dll+0x840142]
V  [jvm.dll+0x84066f]
V  [jvm.dll+0x840a54]
V  [jvm.dll+0x840b20]
V  [jvm.dll+0x7e826c]
V  [jvm.dll+0x6801f7]
C  [ucrtbase.dll+0x37b0]
C  [KERNEL32.DLL+0x2e8d7]
C  [ntdll.dll+0x3c34c]

VM_Operation (0x000000dc6b9fd5c0): G1CollectForAllocation, mode: safepoint, requested by thread 0x0000021448928850


---------------  P R O C E S S  ---------------

Threads class SMR info:
_java_thread_list=0x000002147785b8d0, length=19, elements={
0x0000021448928850, 0x000002146bd7db00, 0x000002146bd7e2d0, 0x000002146bd9bb00,
0x000002146bd9e0e0, 0x000002146bd9e6b0, 0x000002146bd9ec80, 0x000002146bda3590,
0x000002146bda3c50, 0x000002146bda5580, 0x000002146c92a3e0, 0x000002146c92f950,
0x00000214735652b0, 0x0000021473566d40, 0x0000021473565d50, 0x0000021474357100,
0x0000021474353be0, 0x0000021474355120, 0x0000021476325030
}

Java Threads: ( => current thread )
  0x0000021448928850 JavaThread "main" [_thread_blocked, id=8716, stack(0x000000dc6b900000,0x000000dc6ba00000)]
  0x000002146bd7db00 JavaThread "Reference Handler" daemon [_thread_blocked, id=14596, stack(0x000000dc6c000000,0x000000dc6c100000)]
  0x000002146bd7e2d0 JavaThread "Finalizer" daemon [_thread_blocked, id=16904, stack(0x000000dc6c100000,0x000000dc6c200000)]
  0x000002146bd9bb00 JavaThread "Signal Dispatcher" daemon [_thread_blocked, id=19276, stack(0x000000dc6c200000,0x000000dc6c300000)]
  0x000002146bd9e0e0 JavaThread "Attach Listener" daemon [_thread_blocked, id=11312, stack(0x000000dc6c300000,0x000000dc6c400000)]
  0x000002146bd9e6b0 JavaThread "Service Thread" daemon [_thread_blocked, id=8088, stack(0x000000dc6c400000,0x000000dc6c500000)]
  0x000002146bd9ec80 JavaThread "Monitor Deflation Thread" daemon [_thread_blocked, id=1880, stack(0x000000dc6c500000,0x000000dc6c600000)]
  0x000002146bda3590 JavaThread "C2 CompilerThread0" daemon [_thread_blocked, id=2436, stack(0x000000dc6c600000,0x000000dc6c700000)]
  0x000002146bda3c50 JavaThread "C1 CompilerThread0" daemon [_thread_blocked, id=16912, stack(0x000000dc6c700000,0x000000dc6c800000)]
  0x000002146bda5580 JavaThread "Sweeper thread" daemon [_thread_blocked, id=2728, stack(0x000000dc6c800000,0x000000dc6c900000)]
  0x000002146c92a3e0 JavaThread "Notification Thread" daemon [_thread_blocked, id=8156, stack(0x000000dc6cb00000,0x000000dc6cc00000)]
  0x000002146c92f950 JavaThread "Common-Cleaner" daemon [_thread_blocked, id=19116, stack(0x000000dc6cd00000,0x000000dc6ce00000)]
  0x00000214735652b0 JavaThread "C2 CompilerThread1" daemon [_thread_blocked, id=14912, stack(0x000000dc6c900000,0x000000dc6ca00000)]
  0x0000021473566d40 JavaThread "C2 CompilerThread2" daemon [_thread_blocked, id=8672, stack(0x000000dc6ca00000,0x000000dc6cb00000)]
  0x0000021473565d50 JavaThread "C2 CompilerThread3" daemon [_thread_blocked, id=9600, stack(0x000000dc6e500000,0x000000dc6e600000)]
  0x0000021474357100 JavaThread "C2 CompilerThread4" daemon [_thread_blocked, id=12764, stack(0x000000dc6b800000,0x000000dc6b900000)]
  0x0000021474353be0 JavaThread "C1 CompilerThread1" daemon [_thread_blocked, id=17728, stack(0x000000dc6db00000,0x000000dc6dc00000)]
  0x0000021474355120 JavaThread "C1 CompilerThread2" daemon [_thread_blocked, id=8396, stack(0x000000dc6b600000,0x000000dc6b700000)]
  0x0000021476325030 JavaThread "C1 CompilerThread3" daemon [_thread_blocked, id=13880, stack(0x000000dc6b700000,0x000000dc6b800000)]

Other Threads:
=>0x000002146bd785b0 VMThread "VM Thread" [stack: 0x000000dc6bf00000,0x000000dc6c000000] [id=18912]
  0x000002146c92ece0 WatcherThread [stack: 0x000000dc6cc00000,0x000000dc6cd00000] [id=18052]
  0x0000021448997c40 GCTaskThread "GC Thread#0" [stack: 0x000000dc6ba00000,0x000000dc6bb00000] [id=1412]
  0x00000214712d3300 GCTaskThread "GC Thread#1" [stack: 0x000000dc6d000000,0x000000dc6d100000] [id=512]
  0x00000214712cdac0 GCTaskThread "GC Thread#2" [stack: 0x000000dc6d100000,0x000000dc6d200000] [id=18956]
  0x00000214712cdd80 GCTaskThread "GC Thread#3" [stack: 0x000000dc6d200000,0x000000dc6d300000] [id=2092]
  0x00000214712ce040 GCTaskThread "GC Thread#4" [stack: 0x000000dc6d300000,0x000000dc6d400000] [id=5704]
  0x00000214712ce300 GCTaskThread "GC Thread#5" [stack: 0x000000dc6d400000,0x000000dc6d500000] [id=10408]
  0x000002147160d810 GCTaskThread "GC Thread#6" [stack: 0x000000dc6d500000,0x000000dc6d600000] [id=6440]
  0x0000021471741d50 GCTaskThread "GC Thread#7" [stack: 0x000000dc6d600000,0x000000dc6d700000] [id=12964]
  0x000002147219d570 GCTaskThread "GC Thread#8" [stack: 0x000000dc6dd00000,0x000000dc6de00000] [id=18696]
  0x000002147219daf0 GCTaskThread "GC Thread#9" [stack: 0x000000dc6de00000,0x000000dc6df00000] [id=6976]
  0x000002147219ca70 GCTaskThread "GC Thread#10" [stack: 0x000000dc6df00000,0x000000dc6e000000] [id=18828]
  0x0000021472073a60 GCTaskThread "GC Thread#11" [stack: 0x000000dc6d900000,0x000000dc6da00000] [id=18136]
  0x0000021472073220 GCTaskThread "GC Thread#12" [stack: 0x000000dc6da00000,0x000000dc6db00000] [id=16264]
  0x0000021472070ba0 GCTaskThread "GC Thread#13" [stack: 0x000000dc6e600000,0x000000dc6e700000] [id=2484]
  0x0000021472070e60 GCTaskThread "GC Thread#14" [stack: 0x000000dc6e700000,0x000000dc6e800000] [id=7844]
  0x00000214489aa380 ConcurrentGCThread "G1 Main Marker" [stack: 0x000000dc6bb00000,0x000000dc6bc00000] [id=11448]
  0x00000214489aada0 ConcurrentGCThread "G1 Conc#0" [stack: 0x000000dc6bc00000,0x000000dc6bd00000] [id=18496]
  0x000002147219e070 ConcurrentGCThread "G1 Conc#1" [stack: 0x000000dc6e000000,0x000000dc6e100000] [id=14588]
  0x000002147219cd30 ConcurrentGCThread "G1 Conc#2" [stack: 0x000000dc6e200000,0x000000dc6e300000] [id=5100]
  0x000002147219ddb0 ConcurrentGCThread "G1 Conc#3" [stack: 0x000000dc6e300000,0x000000dc6e400000] [id=1516]
  0x000002146bca2440 ConcurrentGCThread "G1 Refine#0" [stack: 0x000000dc6bd00000,0x000000dc6be00000] [id=15404]
  0x0000021472892180 ConcurrentGCThread "G1 Refine#1" [stack: 0x000000dc6e100000,0x000000dc6e200000] [id=12324]
  0x0000021475590a20 ConcurrentGCThread "G1 Refine#2" [stack: 0x000000dc6dc00000,0x000000dc6dd00000] [id=14396]
  0x00000214791e9d00 ConcurrentGCThread "G1 Refine#3" [stack: 0x000000dc6d800000,0x000000dc6d900000] [id=10428]
  0x0000021475591000 ConcurrentGCThread "G1 Refine#4" [stack: 0x000000dc6ce00000,0x000000dc6cf00000] [id=19156]
  0x0000021475591eb0 ConcurrentGCThread "G1 Refine#5" [stack: 0x000000dc6cf00000,0x000000dc6d000000] [id=17988]
  0x000002147558ecc0 ConcurrentGCThread "G1 Refine#6" [stack: 0x000000dc6d700000,0x000000dc6d800000] [id=18824]
  0x000002146bca4840 ConcurrentGCThread "G1 Service" [stack: 0x000000dc6be00000,0x000000dc6bf00000] [id=8612]

Threads with active compile tasks:

VM state: at safepoint (normal execution)

VM Mutex/Monitor currently owned by a thread:  ([mutex/lock_event])
[0x00000214465dcd70] Threads_lock - owner thread: 0x000002146bd785b0
[0x0000021448925fa0] Heap_lock - owner thread: 0x0000021448928850

Heap address: 0x0000000704e00000, size: 4018 MB, Compressed Oops mode: Zero based, Oop shift amount: 3

CDS archive(s) mapped at: [0x0000021400000000-0x0000021400bb0000-0x0000021400bb0000), size 12255232, SharedBaseAddress: 0x0000021400000000, ArchiveRelocationMode: 1.
Compressed class space mapped at: 0x0000021401000000-0x0000021441000000, reserved size: 1073741824
Narrow klass base: 0x0000021400000000, Narrow klass shift: 0, Narrow klass range: 0x100000000

GC Precious Log:
 CPUs: 20 total, 20 available
 Memory: 16068M
 Large Page Support: Disabled
 NUMA Support: Disabled
 Compressed Oops: Enabled (Zero based)
 Heap Region Size: 2M
 Heap Min Capacity: 8M
 Heap Initial Capacity: 252M
 Heap Max Capacity: 4018M
 Pre-touch: Disabled
 Parallel Workers: 15
 Concurrent Workers: 4
 Concurrent Refinement Workers: 15
 Periodic GC: Disabled

Heap:
 garbage-first heap   total 698368K, used 477655K [0x0000000704e00000, 0x0000000800000000)
  region size 2048K, 9 young (18432K), 9 survivors (18432K)
 Metaspace       used 95803K, committed 96192K, reserved 1179648K
  class space    used 9215K, committed 9408K, reserved 1048576K

Heap Regions: E=young(eden), S=young(survivor), O=old, HS=humongous(starts), HC=humongous(continues), CS=collection set, F=free, OA=open archive, CA=closed archive, TAMS=top-at-mark-start (previous, next)
|   0|0x0000000704e00000, 0x0000000705000000, 0x0000000705000000|100%|HS|  |TAMS 0x0000000705000000, 0x0000000704e00000| Complete 
|   1|0x0000000705000000, 0x0000000705200000, 0x0000000705200000|100%|HC|  |TAMS 0x0000000705200000, 0x0000000705000000| Complete 
|   2|0x0000000705200000, 0x0000000705400000, 0x0000000705400000|100%| O|  |TAMS 0x0000000705400000, 0x0000000705200000| Untracked 
|   3|0x0000000705400000, 0x0000000705600000, 0x0000000705600000|100%| O|  |TAMS 0x0000000705600000, 0x0000000705400000| Untracked 
|   4|0x0000000705600000, 0x0000000705800000, 0x0000000705800000|100%| O|  |TAMS 0x0000000705800000, 0x0000000705600000| Untracked 
|   5|0x0000000705800000, 0x0000000705a00000, 0x0000000705a00000|100%| O|  |TAMS 0x0000000705a00000, 0x0000000705800000| Untracked 
|   6|0x0000000705a00000, 0x0000000705c00000, 0x0000000705c00000|100%| O|  |TAMS 0x0000000705c00000, 0x0000000705a00000| Untracked 
|   7|0x0000000705c00000, 0x0000000705e00000, 0x0000000705e00000|100%| O|  |TAMS 0x0000000705e00000, 0x0000000705c00000| Untracked 
|   8|0x0000000705e00000, 0x0000000706000000, 0x0000000706000000|100%| O|  |TAMS 0x0000000706000000, 0x0000000705e00000| Untracked 
|   9|0x0000000706000000, 0x0000000706200000, 0x0000000706200000|100%| O|  |TAMS 0x0000000706200000, 0x0000000706000000| Untracked 
|  10|0x0000000706200000, 0x0000000706400000, 0x0000000706400000|100%| O|  |TAMS 0x0000000706400000, 0x0000000706200000| Untracked 
|  11|0x0000000706400000, 0x0000000706600000, 0x0000000706600000|100%| O|  |TAMS 0x0000000706600000, 0x0000000706400000| Untracked 
|  12|0x0000000706600000, 0x0000000706800000, 0x0000000706800000|100%| O|  |TAMS 0x0000000706800000, 0x0000000706600000| Untracked 
|  13|0x0000000706800000, 0x0000000706a00000, 0x0000000706a00000|100%| O|  |TAMS 0x0000000706a00000, 0x0000000706800000| Untracked 
|  14|0x0000000706a00000, 0x0000000706c00000, 0x0000000706c00000|100%| O|  |TAMS 0x0000000706c00000, 0x0000000706a00000| Untracked 
|  15|0x0000000706c00000, 0x0000000706e00000, 0x0000000706e00000|100%| O|  |TAMS 0x0000000706e00000, 0x0000000706c00000| Untracked 
|  16|0x0000000706e00000, 0x0000000707000000, 0x0000000707000000|100%| O|  |TAMS 0x0000000707000000, 0x0000000706e00000| Untracked 
|  17|0x0000000707000000, 0x0000000707200000, 0x0000000707200000|100%| O|  |TAMS 0x0000000707200000, 0x0000000707000000| Untracked 
|  18|0x0000000707200000, 0x0000000707400000, 0x0000000707400000|100%| O|  |TAMS 0x0000000707400000, 0x0000000707200000| Untracked 
|  19|0x0000000707400000, 0x0000000707600000, 0x0000000707600000|100%| O|  |TAMS 0x0000000707600000, 0x0000000707400000| Untracked 
|  20|0x0000000707600000, 0x0000000707800000, 0x0000000707800000|100%| O|  |TAMS 0x0000000707800000, 0x0000000707600000| Untracked 
|  21|0x0000000707800000, 0x0000000707a00000, 0x0000000707a00000|100%| O|  |TAMS 0x0000000707a00000, 0x0000000707800000| Untracked 
|  22|0x0000000707a00000, 0x0000000707c00000, 0x0000000707c00000|100%| O|  |TAMS 0x0000000707c00000, 0x0000000707a00000| Untracked 
|  23|0x0000000707c00000, 0x0000000707e00000, 0x0000000707e00000|100%| O|  |TAMS 0x0000000707e00000, 0x0000000707c00000| Untracked 
|  24|0x0000000707e00000, 0x0000000708000000, 0x0000000708000000|100%| O|  |TAMS 0x0000000708000000, 0x0000000707e00000| Untracked 
|  25|0x0000000708000000, 0x0000000708200000, 0x0000000708200000|100%| O|  |TAMS 0x0000000708200000, 0x0000000708000000| Untracked 
|  26|0x0000000708200000, 0x0000000708400000, 0x0000000708400000|100%| O|  |TAMS 0x0000000708400000, 0x0000000708200000| Untracked 
|  27|0x0000000708400000, 0x0000000708600000, 0x0000000708600000|100%| O|  |TAMS 0x0000000708600000, 0x0000000708400000| Untracked 
|  28|0x0000000708600000, 0x0000000708800000, 0x0000000708800000|100%| O|  |TAMS 0x0000000708800000, 0x0000000708600000| Untracked 
|  29|0x0000000708800000, 0x0000000708a00000, 0x0000000708a00000|100%| O|  |TAMS 0x0000000708a00000, 0x0000000708800000| Untracked 
|  30|0x0000000708a00000, 0x0000000708c00000, 0x0000000708c00000|100%| O|  |TAMS 0x0000000708c00000, 0x0000000708a00000| Untracked 
|  31|0x0000000708c00000, 0x0000000708e00000, 0x0000000708e00000|100%| O|  |TAMS 0x0000000708e00000, 0x0000000708c00000| Untracked 
|  32|0x0000000708e00000, 0x0000000709000000, 0x0000000709000000|100%| O|  |TAMS 0x0000000709000000, 0x0000000708e00000| Untracked 
|  33|0x0000000709000000, 0x0000000709200000, 0x0000000709200000|100%| O|  |TAMS 0x0000000709200000, 0x0000000709000000| Untracked 
|  34|0x0000000709200000, 0x0000000709400000, 0x0000000709400000|100%| O|  |TAMS 0x0000000709400000, 0x0000000709200000| Untracked 
|  35|0x0000000709400000, 0x0000000709600000, 0x0000000709600000|100%| O|  |TAMS 0x0000000709600000, 0x0000000709400000| Untracked 
|  36|0x0000000709600000, 0x0000000709800000, 0x0000000709800000|100%| O|  |TAMS 0x0000000709800000, 0x0000000709600000| Untracked 
|  37|0x0000000709800000, 0x0000000709a00000, 0x0000000709a00000|100%| O|  |TAMS 0x0000000709a00000, 0x0000000709800000| Untracked 
|  38|0x0000000709a00000, 0x0000000709c00000, 0x0000000709c00000|100%| O|  |TAMS 0x0000000709c00000, 0x0000000709a00000| Untracked 
|  39|0x0000000709c00000, 0x0000000709e00000, 0x0000000709e00000|100%| O|  |TAMS 0x0000000709c00000, 0x0000000709c00000| Untracked 
|  40|0x0000000709e00000, 0x000000070a000000, 0x000000070a000000|100%| O|  |TAMS 0x000000070a000000, 0x0000000709e00000| Untracked 
|  41|0x000000070a000000, 0x000000070a200000, 0x000000070a200000|100%| O|  |TAMS 0x000000070a200000, 0x000000070a000000| Untracked 
|  42|0x000000070a200000, 0x000000070a400000, 0x000000070a400000|100%| O|  |TAMS 0x000000070a400000, 0x000000070a200000| Untracked 
|  43|0x000000070a400000, 0x000000070a600000, 0x000000070a600000|100%| O|  |TAMS 0x000000070a600000, 0x000000070a400000| Untracked 
|  44|0x000000070a600000, 0x000000070a800000, 0x000000070a800000|100%| O|  |TAMS 0x000000070a800000, 0x000000070a600000| Untracked 
|  45|0x000000070a800000, 0x000000070aa00000, 0x000000070aa00000|100%| O|  |TAMS 0x000000070aa00000, 0x000000070a800000| Untracked 
|  46|0x000000070aa00000, 0x000000070ac00000, 0x000000070ac00000|100%| O|  |TAMS 0x000000070ac00000, 0x000000070aa00000| Untracked 
|  47|0x000000070ac00000, 0x000000070ae00000, 0x000000070ae00000|100%| O|  |TAMS 0x000000070ae00000, 0x000000070ac00000| Untracked 
|  48|0x000000070ae00000, 0x000000070b000000, 0x000000070b000000|100%| O|  |TAMS 0x000000070b000000, 0x000000070ae00000| Untracked 
|  49|0x000000070b000000, 0x000000070b200000, 0x000000070b200000|100%| O|  |TAMS 0x000000070b200000, 0x000000070b000000| Untracked 
|  50|0x000000070b200000, 0x000000070b400000, 0x000000070b400000|100%| O|  |TAMS 0x000000070b400000, 0x000000070b200000| Untracked 
|  51|0x000000070b400000, 0x000000070b600000, 0x000000070b600000|100%| O|  |TAMS 0x000000070b600000, 0x000000070b400000| Untracked 
|  52|0x000000070b600000, 0x000000070b800000, 0x000000070b800000|100%| O|  |TAMS 0x000000070b800000, 0x000000070b600000| Untracked 
|  53|0x000000070b800000, 0x000000070ba00000, 0x000000070ba00000|100%| O|  |TAMS 0x000000070b800000, 0x000000070b800000| Untracked 
|  54|0x000000070ba00000, 0x000000070bc00000, 0x000000070bc00000|100%| O|  |TAMS 0x000000070bc00000, 0x000000070ba00000| Untracked 
|  55|0x000000070bc00000, 0x000000070be00000, 0x000000070be00000|100%| O|  |TAMS 0x000000070be00000, 0x000000070bc00000| Untracked 
|  56|0x000000070be00000, 0x000000070c000000, 0x000000070c000000|100%| O|  |TAMS 0x000000070c000000, 0x000000070be00000| Untracked 
|  57|0x000000070c000000, 0x000000070c200000, 0x000000070c200000|100%| O|  |TAMS 0x000000070c200000, 0x000000070c000000| Untracked 
|  58|0x000000070c200000, 0x000000070c400000, 0x000000070c400000|100%| O|  |TAMS 0x000000070c400000, 0x000000070c200000| Untracked 
|  59|0x000000070c400000, 0x000000070c600000, 0x000000070c600000|100%| O|  |TAMS 0x000000070c600000, 0x000000070c400000| Untracked 
|  60|0x000000070c600000, 0x000000070c800000, 0x000000070c800000|100%| O|  |TAMS 0x000000070c800000, 0x000000070c600000| Untracked 
|  61|0x000000070c800000, 0x000000070ca00000, 0x000000070ca00000|100%| O|  |TAMS 0x000000070ca00000, 0x000000070c800000| Untracked 
|  62|0x000000070ca00000, 0x000000070cc00000, 0x000000070cc00000|100%| O|  |TAMS 0x000000070cc00000, 0x000000070ca00000| Untracked 
|  63|0x000000070cc00000, 0x000000070ce00000, 0x000000070ce00000|100%| O|  |TAMS 0x000000070ce00000, 0x000000070cc00000| Untracked 
|  64|0x000000070ce00000, 0x000000070d000000, 0x000000070d000000|100%| O|  |TAMS 0x000000070d000000, 0x000000070ce00000| Untracked 
|  65|0x000000070d000000, 0x000000070d200000, 0x000000070d200000|100%| O|  |TAMS 0x000000070d200000, 0x000000070d000000| Untracked 
|  66|0x000000070d200000, 0x000000070d400000, 0x000000070d400000|100%| O|  |TAMS 0x000000070d400000, 0x000000070d200000| Untracked 
|  67|0x000000070d400000, 0x000000070d600000, 0x000000070d600000|100%| O|  |TAMS 0x000000070d600000, 0x000000070d400000| Untracked 
|  68|0x000000070d600000, 0x000000070d800000, 0x000000070d800000|100%| O|  |TAMS 0x000000070d800000, 0x000000070d600000| Untracked 
|  69|0x000000070d800000, 0x000000070da00000, 0x000000070da00000|100%| O|  |TAMS 0x000000070da00000, 0x000000070d800000| Untracked 
|  70|0x000000070da00000, 0x000000070dc00000, 0x000000070dc00000|100%| O|  |TAMS 0x000000070dc00000, 0x000000070da00000| Untracked 
|  71|0x000000070dc00000, 0x000000070de00000, 0x000000070de00000|100%| O|  |TAMS 0x000000070de00000, 0x000000070dc00000| Untracked 
|  72|0x000000070de00000, 0x000000070e000000, 0x000000070e000000|100%| O|  |TAMS 0x000000070e000000, 0x000000070de00000| Untracked 
|  73|0x000000070e000000, 0x000000070e200000, 0x000000070e200000|100%| O|  |TAMS 0x000000070e200000, 0x000000070e000000| Untracked 
|  74|0x000000070e200000, 0x000000070e400000, 0x000000070e400000|100%| O|  |TAMS 0x000000070e400000, 0x000000070e200000| Untracked 
|  75|0x000000070e400000, 0x000000070e600000, 0x000000070e600000|100%| O|  |TAMS 0x000000070e600000, 0x000000070e400000| Untracked 
|  76|0x000000070e600000, 0x000000070e800000, 0x000000070e800000|100%| O|  |TAMS 0x000000070e800000, 0x000000070e600000| Untracked 
|  77|0x000000070e800000, 0x000000070ea00000, 0x000000070ea00000|100%| O|  |TAMS 0x000000070ea00000, 0x000000070e800000| Untracked 
|  78|0x000000070ea00000, 0x000000070ec00000, 0x000000070ec00000|100%| O|  |TAMS 0x000000070ec00000, 0x000000070ea00000| Untracked 
|  79|0x000000070ec00000, 0x000000070ee00000, 0x000000070ee00000|100%| O|  |TAMS 0x000000070ee00000, 0x000000070ec00000| Untracked 
|  80|0x000000070ee00000, 0x000000070f000000, 0x000000070f000000|100%| O|  |TAMS 0x000000070f000000, 0x000000070ee00000| Untracked 
|  81|0x000000070f000000, 0x000000070f200000, 0x000000070f200000|100%| O|  |TAMS 0x000000070f200000, 0x000000070f000000| Untracked 
|  82|0x000000070f200000, 0x000000070f400000, 0x000000070f400000|100%| O|  |TAMS 0x000000070f400000, 0x000000070f200000| Untracked 
|  83|0x000000070f400000, 0x000000070f600000, 0x000000070f600000|100%| O|  |TAMS 0x000000070f600000, 0x000000070f400000| Untracked 
|  84|0x000000070f600000, 0x000000070f800000, 0x000000070f800000|100%| O|  |TAMS 0x000000070f800000, 0x000000070f600000| Untracked 
|  85|0x000000070f800000, 0x000000070fa00000, 0x000000070fa00000|100%| O|  |TAMS 0x000000070fa00000, 0x000000070f800000| Untracked 
|  86|0x000000070fa00000, 0x000000070fc00000, 0x000000070fc00000|100%| O|  |TAMS 0x000000070fc00000, 0x000000070fa00000| Untracked 
|  87|0x000000070fc00000, 0x000000070fe00000, 0x000000070fe00000|100%| O|  |TAMS 0x000000070fe00000, 0x000000070fc00000| Untracked 
|  88|0x000000070fe00000, 0x0000000710000000, 0x0000000710000000|100%| O|  |TAMS 0x0000000710000000, 0x000000070fe00000| Untracked 
|  89|0x0000000710000000, 0x0000000710200000, 0x0000000710200000|100%| O|  |TAMS 0x0000000710200000, 0x0000000710000000| Untracked 
|  90|0x0000000710200000, 0x0000000710400000, 0x0000000710400000|100%| O|  |TAMS 0x0000000710400000, 0x0000000710200000| Untracked 
|  91|0x0000000710400000, 0x0000000710600000, 0x0000000710600000|100%| O|  |TAMS 0x0000000710600000, 0x0000000710400000| Untracked 
|  92|0x0000000710600000, 0x0000000710800000, 0x0000000710800000|100%| O|  |TAMS 0x0000000710800000, 0x0000000710600000| Untracked 
|  93|0x0000000710800000, 0x0000000710a00000, 0x0000000710a00000|100%| O|  |TAMS 0x0000000710a00000, 0x0000000710800000| Untracked 
|  94|0x0000000710a00000, 0x0000000710c00000, 0x0000000710c00000|100%| O|  |TAMS 0x0000000710c00000, 0x0000000710a00000| Untracked 
|  95|0x0000000710c00000, 0x0000000710e00000, 0x0000000710e00000|100%| O|  |TAMS 0x0000000710e00000, 0x0000000710c00000| Untracked 
|  96|0x0000000710e00000, 0x0000000711000000, 0x0000000711000000|100%| O|  |TAMS 0x0000000711000000, 0x0000000710e00000| Untracked 
|  97|0x0000000711000000, 0x0000000711200000, 0x0000000711200000|100%| O|  |TAMS 0x0000000711200000, 0x0000000711000000| Untracked 
|  98|0x0000000711200000, 0x0000000711400000, 0x0000000711400000|100%| O|  |TAMS 0x0000000711400000, 0x0000000711200000| Untracked 
|  99|0x0000000711400000, 0x0000000711600000, 0x0000000711600000|100%| O|  |TAMS 0x0000000711400000, 0x0000000711400000| Untracked 
| 100|0x0000000711600000, 0x0000000711800000, 0x0000000711800000|100%| O|  |TAMS 0x0000000711800000, 0x0000000711600000| Untracked 
| 101|0x0000000711800000, 0x0000000711a00000, 0x0000000711a00000|100%| O|  |TAMS 0x0000000711a00000, 0x0000000711800000| Untracked 
| 102|0x0000000711a00000, 0x0000000711c00000, 0x0000000711c00000|100%| O|  |TAMS 0x0000000711c00000, 0x0000000711a00000| Untracked 
| 103|0x0000000711c00000, 0x0000000711e00000, 0x0000000711e00000|100%| O|  |TAMS 0x0000000711e00000, 0x0000000711c00000| Untracked 
| 104|0x0000000711e00000, 0x0000000712000000, 0x0000000712000000|100%| O|  |TAMS 0x0000000712000000, 0x0000000711e00000| Untracked 
| 105|0x0000000712000000, 0x0000000712200000, 0x0000000712200000|100%| O|  |TAMS 0x0000000712200000, 0x0000000712000000| Untracked 
| 106|0x0000000712200000, 0x0000000712400000, 0x0000000712400000|100%| O|  |TAMS 0x0000000712400000, 0x0000000712200000| Untracked 
| 107|0x0000000712400000, 0x0000000712600000, 0x0000000712600000|100%| O|  |TAMS 0x0000000712600000, 0x0000000712400000| Untracked 
| 108|0x0000000712600000, 0x0000000712800000, 0x0000000712800000|100%| O|  |TAMS 0x0000000712800000, 0x0000000712600000| Untracked 
| 109|0x0000000712800000, 0x0000000712a00000, 0x0000000712a00000|100%| O|  |TAMS 0x0000000712a00000, 0x0000000712800000| Untracked 
| 110|0x0000000712a00000, 0x0000000712c00000, 0x0000000712c00000|100%| O|  |TAMS 0x0000000712c00000, 0x0000000712a00000| Untracked 
| 111|0x0000000712c00000, 0x0000000712e00000, 0x0000000712e00000|100%| O|  |TAMS 0x0000000712e00000, 0x0000000712c00000| Untracked 
| 112|0x0000000712e00000, 0x0000000713000000, 0x0000000713000000|100%| O|  |TAMS 0x0000000713000000, 0x0000000712e00000| Untracked 
| 113|0x0000000713000000, 0x0000000713200000, 0x0000000713200000|100%| O|  |TAMS 0x0000000713200000, 0x0000000713000000| Untracked 
| 114|0x0000000713200000, 0x0000000713400000, 0x0000000713400000|100%| O|  |TAMS 0x0000000713400000, 0x0000000713200000| Untracked 
| 115|0x0000000713400000, 0x0000000713600000, 0x0000000713600000|100%| O|  |TAMS 0x0000000713600000, 0x0000000713400000| Untracked 
| 116|0x0000000713600000, 0x0000000713800000, 0x0000000713800000|100%| O|  |TAMS 0x0000000713800000, 0x0000000713600000| Untracked 
| 117|0x0000000713800000, 0x0000000713a00000, 0x0000000713a00000|100%| O|  |TAMS 0x0000000713a00000, 0x0000000713800000| Untracked 
| 118|0x0000000713a00000, 0x0000000713c00000, 0x0000000713c00000|100%| O|  |TAMS 0x0000000713c00000, 0x0000000713a00000| Untracked 
| 119|0x0000000713c00000, 0x0000000713e00000, 0x0000000713e00000|100%| O|  |TAMS 0x0000000713e00000, 0x0000000713c00000| Untracked 
| 120|0x0000000713e00000, 0x0000000714000000, 0x0000000714000000|100%| O|  |TAMS 0x0000000714000000, 0x0000000713e00000| Untracked 
| 121|0x0000000714000000, 0x0000000714200000, 0x0000000714200000|100%| O|  |TAMS 0x0000000714200000, 0x0000000714000000| Untracked 
| 122|0x0000000714200000, 0x0000000714400000, 0x0000000714400000|100%| O|  |TAMS 0x0000000714400000, 0x0000000714200000| Untracked 
| 123|0x0000000714400000, 0x0000000714600000, 0x0000000714600000|100%| O|  |TAMS 0x0000000714600000, 0x0000000714400000| Untracked 
| 124|0x0000000714600000, 0x0000000714800000, 0x0000000714800000|100%| O|  |TAMS 0x0000000714800000, 0x0000000714600000| Untracked 
| 125|0x0000000714800000, 0x0000000714a00000, 0x0000000714a00000|100%| O|  |TAMS 0x0000000714a00000, 0x0000000714800000| Untracked 
| 126|0x0000000714a00000, 0x0000000714c00000, 0x0000000714c00000|100%| O|  |TAMS 0x0000000714c00000, 0x0000000714a00000| Untracked 
| 127|0x0000000714c00000, 0x0000000714e00000, 0x0000000714e00000|100%| O|  |TAMS 0x0000000714e00000, 0x0000000714c00000| Untracked 
| 128|0x0000000714e00000, 0x0000000715000000, 0x0000000715000000|100%| O|  |TAMS 0x0000000715000000, 0x0000000714e00000| Untracked 
| 129|0x0000000715000000, 0x0000000715200000, 0x0000000715200000|100%| O|  |TAMS 0x0000000715200000, 0x0000000715000000| Untracked 
| 130|0x0000000715200000, 0x0000000715400000, 0x0000000715400000|100%| O|  |TAMS 0x0000000715400000, 0x0000000715200000| Untracked 
| 131|0x0000000715400000, 0x0000000715600000, 0x0000000715600000|100%| O|  |TAMS 0x0000000715600000, 0x0000000715400000| Untracked 
| 132|0x0000000715600000, 0x0000000715800000, 0x0000000715800000|100%| O|  |TAMS 0x0000000715800000, 0x0000000715600000| Untracked 
| 133|0x0000000715800000, 0x0000000715a00000, 0x0000000715a00000|100%| O|  |TAMS 0x0000000715a00000, 0x0000000715800000| Untracked 
| 134|0x0000000715a00000, 0x0000000715c00000, 0x0000000715c00000|100%| O|  |TAMS 0x0000000715c00000, 0x0000000715a00000| Untracked 
| 135|0x0000000715c00000, 0x0000000715e00000, 0x0000000715e00000|100%| O|  |TAMS 0x0000000715e00000, 0x0000000715c00000| Untracked 
| 136|0x0000000715e00000, 0x0000000716000000, 0x0000000716000000|100%| O|  |TAMS 0x0000000716000000, 0x0000000715e00000| Untracked 
| 137|0x0000000716000000, 0x0000000716200000, 0x0000000716200000|100%| O|  |TAMS 0x0000000716200000, 0x0000000716000000| Untracked 
| 138|0x0000000716200000, 0x0000000716400000, 0x0000000716400000|100%| O|  |TAMS 0x0000000716400000, 0x0000000716200000| Untracked 
| 139|0x0000000716400000, 0x0000000716600000, 0x0000000716600000|100%| O|  |TAMS 0x0000000716600000, 0x0000000716400000| Untracked 
| 140|0x0000000716600000, 0x0000000716800000, 0x0000000716800000|100%| O|  |TAMS 0x0000000716800000, 0x0000000716600000| Untracked 
| 141|0x0000000716800000, 0x0000000716a00000, 0x0000000716a00000|100%| O|  |TAMS 0x0000000716a00000, 0x0000000716800000| Untracked 
| 142|0x0000000716a00000, 0x0000000716c00000, 0x0000000716c00000|100%| O|  |TAMS 0x0000000716c00000, 0x0000000716a00000| Untracked 
| 143|0x0000000716c00000, 0x0000000716e00000, 0x0000000716e00000|100%| O|  |TAMS 0x0000000716e00000, 0x0000000716c00000| Untracked 
| 144|0x0000000716e00000, 0x0000000717000000, 0x0000000717000000|100%| O|  |TAMS 0x0000000717000000, 0x0000000716e00000| Untracked 
| 145|0x0000000717000000, 0x0000000717200000, 0x0000000717200000|100%| O|  |TAMS 0x0000000717200000, 0x0000000717000000| Untracked 
| 146|0x0000000717200000, 0x0000000717400000, 0x0000000717400000|100%| O|  |TAMS 0x0000000717400000, 0x0000000717200000| Untracked 
| 147|0x0000000717400000, 0x0000000717600000, 0x0000000717600000|100%| O|  |TAMS 0x0000000717600000, 0x0000000717400000| Untracked 
| 148|0x0000000717600000, 0x0000000717800000, 0x0000000717800000|100%| O|  |TAMS 0x0000000717800000, 0x0000000717600000| Untracked 
| 149|0x0000000717800000, 0x0000000717a00000, 0x0000000717a00000|100%| O|  |TAMS 0x0000000717a00000, 0x0000000717800000| Untracked 
| 150|0x0000000717a00000, 0x0000000717c00000, 0x0000000717c00000|100%| O|  |TAMS 0x0000000717b0a800, 0x0000000717a00000| Untracked 
| 151|0x0000000717c00000, 0x0000000717e00000, 0x0000000717e00000|100%| O|  |TAMS 0x0000000717c00000, 0x0000000717c00000| Untracked 
| 152|0x0000000717e00000, 0x0000000718000000, 0x0000000718000000|100%| O|  |TAMS 0x0000000717e00000, 0x0000000717e00000| Untracked 
| 153|0x0000000718000000, 0x0000000718200000, 0x0000000718200000|100%| O|  |TAMS 0x0000000718000000, 0x0000000718000000| Untracked 
| 154|0x0000000718200000, 0x0000000718400000, 0x0000000718400000|100%| O|  |TAMS 0x0000000718200000, 0x0000000718200000| Untracked 
| 155|0x0000000718400000, 0x0000000718600000, 0x0000000718600000|100%| O|  |TAMS 0x0000000718400000, 0x0000000718400000| Untracked 
| 156|0x0000000718600000, 0x0000000718800000, 0x0000000718800000|100%| O|  |TAMS 0x0000000718600000, 0x0000000718600000| Untracked 
| 157|0x0000000718800000, 0x0000000718a00000, 0x0000000718a00000|100%| O|  |TAMS 0x0000000718800000, 0x0000000718800000| Untracked 
| 158|0x0000000718a00000, 0x0000000718c00000, 0x0000000718c00000|100%| O|  |TAMS 0x0000000718a00000, 0x0000000718a00000| Untracked 
| 159|0x0000000718c00000, 0x0000000718e00000, 0x0000000718e00000|100%| O|  |TAMS 0x0000000718c00000, 0x0000000718c00000| Untracked 
| 160|0x0000000718e00000, 0x0000000719000000, 0x0000000719000000|100%| O|  |TAMS 0x0000000718e00000, 0x0000000718e00000| Untracked 
| 161|0x0000000719000000, 0x0000000719200000, 0x0000000719200000|100%| O|  |TAMS 0x0000000719000000, 0x0000000719000000| Untracked 
| 162|0x0000000719200000, 0x0000000719400000, 0x0000000719400000|100%| O|  |TAMS 0x0000000719200000, 0x0000000719200000| Untracked 
| 163|0x0000000719400000, 0x0000000719600000, 0x0000000719600000|100%| O|  |TAMS 0x0000000719400000, 0x0000000719400000| Untracked 
| 164|0x0000000719600000, 0x0000000719800000, 0x0000000719800000|100%| O|  |TAMS 0x0000000719600000, 0x0000000719600000| Untracked 
| 165|0x0000000719800000, 0x0000000719a00000, 0x0000000719a00000|100%| O|  |TAMS 0x0000000719800000, 0x0000000719800000| Untracked 
| 166|0x0000000719a00000, 0x0000000719c00000, 0x0000000719c00000|100%| O|  |TAMS 0x0000000719a00000, 0x0000000719a00000| Untracked 
| 167|0x0000000719c00000, 0x0000000719e00000, 0x0000000719e00000|100%| O|  |TAMS 0x0000000719c00000, 0x0000000719c00000| Untracked 
| 168|0x0000000719e00000, 0x000000071a000000, 0x000000071a000000|100%| O|  |TAMS 0x0000000719e00000, 0x0000000719e00000| Untracked 
| 169|0x000000071a000000, 0x000000071a200000, 0x000000071a200000|100%| O|  |TAMS 0x000000071a000000, 0x000000071a000000| Untracked 
| 170|0x000000071a200000, 0x000000071a400000, 0x000000071a400000|100%| O|  |TAMS 0x000000071a200000, 0x000000071a200000| Untracked 
| 171|0x000000071a400000, 0x000000071a600000, 0x000000071a600000|100%| O|  |TAMS 0x000000071a400000, 0x000000071a400000| Untracked 
| 172|0x000000071a600000, 0x000000071a800000, 0x000000071a800000|100%| O|  |TAMS 0x000000071a600000, 0x000000071a600000| Untracked 
| 173|0x000000071a800000, 0x000000071aa00000, 0x000000071aa00000|100%| O|  |TAMS 0x000000071a800000, 0x000000071a800000| Untracked 
| 174|0x000000071aa00000, 0x000000071ac00000, 0x000000071ac00000|100%| O|  |TAMS 0x000000071aa00000, 0x000000071aa00000| Untracked 
| 175|0x000000071ac00000, 0x000000071ae00000, 0x000000071ae00000|100%| O|  |TAMS 0x000000071ac00000, 0x000000071ac00000| Untracked 
| 176|0x000000071ae00000, 0x000000071b000000, 0x000000071b000000|100%| O|  |TAMS 0x000000071ae00000, 0x000000071ae00000| Untracked 
| 177|0x000000071b000000, 0x000000071b200000, 0x000000071b200000|100%| O|  |TAMS 0x000000071b000000, 0x000000071b000000| Untracked 
| 178|0x000000071b200000, 0x000000071b400000, 0x000000071b400000|100%| O|  |TAMS 0x000000071b200000, 0x000000071b200000| Untracked 
| 179|0x000000071b400000, 0x000000071b600000, 0x000000071b600000|100%| O|  |TAMS 0x000000071b400000, 0x000000071b400000| Untracked 
| 180|0x000000071b600000, 0x000000071b800000, 0x000000071b800000|100%| O|  |TAMS 0x000000071b600000, 0x000000071b600000| Untracked 
| 181|0x000000071b800000, 0x000000071ba00000, 0x000000071ba00000|100%| O|  |TAMS 0x000000071b800000, 0x000000071b800000| Untracked 
| 182|0x000000071ba00000, 0x000000071bc00000, 0x000000071bc00000|100%| O|  |TAMS 0x000000071ba00000, 0x000000071ba00000| Untracked 
| 183|0x000000071bc00000, 0x000000071be00000, 0x000000071be00000|100%| O|  |TAMS 0x000000071bc00000, 0x000000071bc00000| Untracked 
| 184|0x000000071be00000, 0x000000071c000000, 0x000000071c000000|100%| O|  |TAMS 0x000000071be00000, 0x000000071be00000| Untracked 
| 185|0x000000071c000000, 0x000000071c200000, 0x000000071c200000|100%| O|  |TAMS 0x000000071c000000, 0x000000071c000000| Untracked 
| 186|0x000000071c200000, 0x000000071c400000, 0x000000071c400000|100%| O|  |TAMS 0x000000071c200000, 0x000000071c200000| Untracked 
| 187|0x000000071c400000, 0x000000071c600000, 0x000000071c600000|100%| O|  |TAMS 0x000000071c400000, 0x000000071c400000| Untracked 
| 188|0x000000071c600000, 0x000000071c800000, 0x000000071c800000|100%| O|  |TAMS 0x000000071c600000, 0x000000071c600000| Untracked 
| 189|0x000000071c800000, 0x000000071ca00000, 0x000000071ca00000|100%| O|  |TAMS 0x000000071c800000, 0x000000071c800000| Untracked 
| 190|0x000000071ca00000, 0x000000071cc00000, 0x000000071cc00000|100%| O|  |TAMS 0x000000071ca00000, 0x000000071ca00000| Untracked 
| 191|0x000000071cc00000, 0x000000071ce00000, 0x000000071ce00000|100%| O|  |TAMS 0x000000071cc00000, 0x000000071cc00000| Untracked 
| 192|0x000000071ce00000, 0x000000071d000000, 0x000000071d000000|100%| O|  |TAMS 0x000000071ce00000, 0x000000071ce00000| Untracked 
| 193|0x000000071d000000, 0x000000071d200000, 0x000000071d200000|100%| O|  |TAMS 0x000000071d000000, 0x000000071d000000| Untracked 
| 194|0x000000071d200000, 0x000000071d400000, 0x000000071d400000|100%| O|  |TAMS 0x000000071d200000, 0x000000071d200000| Untracked 
| 195|0x000000071d400000, 0x000000071d600000, 0x000000071d600000|100%| O|  |TAMS 0x000000071d400000, 0x000000071d400000| Untracked 
| 196|0x000000071d600000, 0x000000071d800000, 0x000000071d800000|100%| O|  |TAMS 0x000000071d600000, 0x000000071d600000| Untracked 
| 197|0x000000071d800000, 0x000000071da00000, 0x000000071da00000|100%| O|  |TAMS 0x000000071d800000, 0x000000071d800000| Untracked 
| 198|0x000000071da00000, 0x000000071dc00000, 0x000000071dc00000|100%| O|  |TAMS 0x000000071da00000, 0x000000071da00000| Untracked 
| 199|0x000000071dc00000, 0x000000071de00000, 0x000000071de00000|100%| O|  |TAMS 0x000000071dc00000, 0x000000071dc00000| Untracked 
| 200|0x000000071de00000, 0x000000071e000000, 0x000000071e000000|100%| O|  |TAMS 0x000000071de00000, 0x000000071de00000| Untracked 
| 201|0x000000071e000000, 0x000000071e200000, 0x000000071e200000|100%| O|  |TAMS 0x000000071e000000, 0x000000071e000000| Untracked 
| 202|0x000000071e200000, 0x000000071e400000, 0x000000071e400000|100%| O|  |TAMS 0x000000071e200000, 0x000000071e200000| Untracked 
| 203|0x000000071e400000, 0x000000071e600000, 0x000000071e600000|100%| O|  |TAMS 0x000000071e400000, 0x000000071e400000| Untracked 
| 204|0x000000071e600000, 0x000000071e800000, 0x000000071e800000|100%| O|  |TAMS 0x000000071e600000, 0x000000071e600000| Untracked 
| 205|0x000000071e800000, 0x000000071ea00000, 0x000000071ea00000|100%| O|  |TAMS 0x000000071e800000, 0x000000071e800000| Untracked 
| 206|0x000000071ea00000, 0x000000071ec00000, 0x000000071ec00000|100%| O|  |TAMS 0x000000071ea00000, 0x000000071ea00000| Untracked 
| 207|0x000000071ec00000, 0x000000071ee00000, 0x000000071ee00000|100%| O|  |TAMS 0x000000071ec00000, 0x000000071ec00000| Untracked 
| 208|0x000000071ee00000, 0x000000071f000000, 0x000000071f000000|100%| O|  |TAMS 0x000000071ee00000, 0x000000071ee00000| Untracked 
| 209|0x000000071f000000, 0x000000071f200000, 0x000000071f200000|100%| O|  |TAMS 0x000000071f000000, 0x000000071f000000| Untracked 
| 210|0x000000071f200000, 0x000000071f400000, 0x000000071f400000|100%| O|  |TAMS 0x000000071f200000, 0x000000071f200000| Untracked 
| 211|0x000000071f400000, 0x000000071f600000, 0x000000071f600000|100%| O|  |TAMS 0x000000071f400000, 0x000000071f400000| Untracked 
| 212|0x000000071f600000, 0x000000071f800000, 0x000000071f800000|100%| O|  |TAMS 0x000000071f600000, 0x000000071f600000| Untracked 
| 213|0x000000071f800000, 0x000000071fa00000, 0x000000071fa00000|100%| O|  |TAMS 0x000000071f800000, 0x000000071f800000| Untracked 
| 214|0x000000071fa00000, 0x000000071fc00000, 0x000000071fc00000|100%| O|  |TAMS 0x000000071fa00000, 0x000000071fa00000| Untracked 
| 215|0x000000071fc00000, 0x000000071fe00000, 0x000000071fe00000|100%| O|  |TAMS 0x000000071fc00000, 0x000000071fc00000| Untracked 
| 216|0x000000071fe00000, 0x0000000720000000, 0x0000000720000000|100%| O|  |TAMS 0x000000071fe00000, 0x000000071fe00000| Untracked 
| 217|0x0000000720000000, 0x0000000720200000, 0x0000000720200000|100%| O|  |TAMS 0x0000000720000000, 0x0000000720000000| Untracked 
| 218|0x0000000720200000, 0x0000000720400000, 0x0000000720400000|100%| O|  |TAMS 0x0000000720200000, 0x0000000720200000| Untracked 
| 219|0x0000000720400000, 0x0000000720600000, 0x0000000720600000|100%| O|  |TAMS 0x0000000720400000, 0x0000000720400000| Untracked 
| 220|0x0000000720600000, 0x0000000720800000, 0x0000000720800000|100%| O|  |TAMS 0x0000000720600000, 0x0000000720600000| Untracked 
| 221|0x0000000720800000, 0x0000000720a00000, 0x0000000720a00000|100%| O|  |TAMS 0x0000000720800000, 0x0000000720800000| Untracked 
| 222|0x0000000720a00000, 0x0000000720c00000, 0x0000000720c00000|100%| O|  |TAMS 0x0000000720a00000, 0x0000000720a00000| Untracked 
| 223|0x0000000720c00000, 0x0000000720e00000, 0x0000000720e00000|100%| O|  |TAMS 0x0000000720c00000, 0x0000000720c00000| Untracked 
| 224|0x0000000720e00000, 0x0000000721000000, 0x0000000721000000|100%| O|  |TAMS 0x0000000720e00000, 0x0000000720e00000| Untracked 
| 225|0x0000000721000000, 0x0000000721012800, 0x0000000721200000|  3%| O|  |TAMS 0x0000000721000000, 0x0000000721000000| Untracked 
| 226|0x0000000721200000, 0x0000000721200000, 0x0000000721400000|  0%| F|  |TAMS 0x0000000721200000, 0x0000000721200000| Untracked 
| 227|0x0000000721400000, 0x0000000721400000, 0x0000000721600000|  0%| F|  |TAMS 0x0000000721400000, 0x0000000721400000| Untracked 
| 228|0x0000000721600000, 0x0000000721600000, 0x0000000721800000|  0%| F|  |TAMS 0x0000000721600000, 0x0000000721600000| Untracked 
| 229|0x0000000721800000, 0x0000000721800000, 0x0000000721a00000|  0%| F|  |TAMS 0x0000000721800000, 0x0000000721800000| Untracked 
| 230|0x0000000721a00000, 0x0000000721a00000, 0x0000000721c00000|  0%| F|  |TAMS 0x0000000721a00000, 0x0000000721a00000| Untracked 
| 231|0x0000000721c00000, 0x0000000721c00000, 0x0000000721e00000|  0%| F|  |TAMS 0x0000000721c00000, 0x0000000721c00000| Untracked 
| 232|0x0000000721e00000, 0x0000000721e00000, 0x0000000722000000|  0%| F|  |TAMS 0x0000000721e00000, 0x0000000721e00000| Untracked 
| 233|0x0000000722000000, 0x0000000722000000, 0x0000000722200000|  0%| F|  |TAMS 0x0000000722000000, 0x0000000722000000| Untracked 
| 234|0x0000000722200000, 0x0000000722200000, 0x0000000722400000|  0%| F|  |TAMS 0x0000000722200000, 0x0000000722200000| Untracked 
| 235|0x0000000722400000, 0x0000000722400000, 0x0000000722600000|  0%| F|  |TAMS 0x0000000722400000, 0x0000000722400000| Untracked 
| 236|0x0000000722600000, 0x0000000722600000, 0x0000000722800000|  0%| F|  |TAMS 0x0000000722600000, 0x0000000722600000| Untracked 
| 237|0x0000000722800000, 0x0000000722800000, 0x0000000722a00000|  0%| F|  |TAMS 0x0000000722800000, 0x0000000722800000| Untracked 
| 238|0x0000000722a00000, 0x0000000722a00000, 0x0000000722c00000|  0%| F|  |TAMS 0x0000000722a00000, 0x0000000722a00000| Untracked 
| 239|0x0000000722c00000, 0x0000000722c00000, 0x0000000722e00000|  0%| F|  |TAMS 0x0000000722c00000, 0x0000000722c00000| Untracked 
| 240|0x0000000722e00000, 0x0000000722e00000, 0x0000000723000000|  0%| F|  |TAMS 0x0000000722e00000, 0x0000000722e00000| Untracked 
| 241|0x0000000723000000, 0x0000000723000000, 0x0000000723200000|  0%| F|  |TAMS 0x0000000723000000, 0x0000000723000000| Untracked 
| 242|0x0000000723200000, 0x0000000723200000, 0x0000000723400000|  0%| F|  |TAMS 0x0000000723200000, 0x0000000723200000| Untracked 
| 243|0x0000000723400000, 0x0000000723400000, 0x0000000723600000|  0%| F|  |TAMS 0x0000000723400000, 0x0000000723400000| Untracked 
| 244|0x0000000723600000, 0x0000000723600000, 0x0000000723800000|  0%| F|  |TAMS 0x0000000723600000, 0x0000000723600000| Untracked 
| 245|0x0000000723800000, 0x0000000723800000, 0x0000000723a00000|  0%| F|  |TAMS 0x0000000723800000, 0x0000000723800000| Untracked 
| 246|0x0000000723a00000, 0x0000000723a00000, 0x0000000723c00000|  0%| F|  |TAMS 0x0000000723a00000, 0x0000000723a00000| Untracked 
| 247|0x0000000723c00000, 0x0000000723c00000, 0x0000000723e00000|  0%| F|  |TAMS 0x0000000723c00000, 0x0000000723c00000| Untracked 
| 248|0x0000000723e00000, 0x0000000723e00000, 0x0000000724000000|  0%| F|  |TAMS 0x0000000723e00000, 0x0000000723e00000| Untracked 
| 249|0x0000000724000000, 0x0000000724000000, 0x0000000724200000|  0%| F|  |TAMS 0x0000000724000000, 0x0000000724000000| Untracked 
| 250|0x0000000724200000, 0x0000000724200000, 0x0000000724400000|  0%| F|  |TAMS 0x0000000724200000, 0x0000000724200000| Untracked 
| 251|0x0000000724400000, 0x0000000724400000, 0x0000000724600000|  0%| F|  |TAMS 0x0000000724400000, 0x0000000724400000| Untracked 
| 252|0x0000000724600000, 0x0000000724600000, 0x0000000724800000|  0%| F|  |TAMS 0x0000000724600000, 0x0000000724600000| Untracked 
| 253|0x0000000724800000, 0x0000000724800000, 0x0000000724a00000|  0%| F|  |TAMS 0x0000000724800000, 0x0000000724800000| Untracked 
| 254|0x0000000724a00000, 0x0000000724a00000, 0x0000000724c00000|  0%| F|  |TAMS 0x0000000724a00000, 0x0000000724a00000| Untracked 
| 255|0x0000000724c00000, 0x0000000724c00000, 0x0000000724e00000|  0%| F|  |TAMS 0x0000000724c00000, 0x0000000724c00000| Untracked 
| 256|0x0000000724e00000, 0x0000000724e00000, 0x0000000725000000|  0%| F|  |TAMS 0x0000000724e00000, 0x0000000724e00000| Untracked 
| 257|0x0000000725000000, 0x0000000725000000, 0x0000000725200000|  0%| F|  |TAMS 0x0000000725000000, 0x0000000725000000| Untracked 
| 258|0x0000000725200000, 0x0000000725200000, 0x0000000725400000|  0%| F|  |TAMS 0x0000000725200000, 0x0000000725200000| Untracked 
| 259|0x0000000725400000, 0x0000000725400000, 0x0000000725600000|  0%| F|  |TAMS 0x0000000725400000, 0x0000000725400000| Untracked 
| 260|0x0000000725600000, 0x0000000725600000, 0x0000000725800000|  0%| F|  |TAMS 0x0000000725600000, 0x0000000725600000| Untracked 
| 261|0x0000000725800000, 0x0000000725800000, 0x0000000725a00000|  0%| F|  |TAMS 0x0000000725800000, 0x0000000725800000| Untracked 
| 262|0x0000000725a00000, 0x0000000725a00000, 0x0000000725c00000|  0%| F|  |TAMS 0x0000000725a00000, 0x0000000725a00000| Untracked 
| 263|0x0000000725c00000, 0x0000000725c63670, 0x0000000725e00000| 19%| S|CS|TAMS 0x0000000725c00000, 0x0000000725c00000| Complete 
| 264|0x0000000725e00000, 0x0000000725e00000, 0x0000000726000000|  0%| F|  |TAMS 0x0000000725e00000, 0x0000000725e00000| Untracked 
| 265|0x0000000726000000, 0x0000000726200000, 0x0000000726200000|100%| S|CS|TAMS 0x0000000726000000, 0x0000000726000000| Complete 
| 266|0x0000000726200000, 0x0000000726200000, 0x0000000726400000|  0%| F|  |TAMS 0x0000000726200000, 0x0000000726200000| Untracked 
| 267|0x0000000726400000, 0x0000000726400000, 0x0000000726600000|  0%| F|  |TAMS 0x0000000726400000, 0x0000000726400000| Untracked 
| 268|0x0000000726600000, 0x0000000726600000, 0x0000000726800000|  0%| F|  |TAMS 0x0000000726600000, 0x0000000726600000| Untracked 
| 269|0x0000000726800000, 0x0000000726800000, 0x0000000726a00000|  0%| F|  |TAMS 0x0000000726800000, 0x0000000726800000| Untracked 
| 270|0x0000000726a00000, 0x0000000726a00000, 0x0000000726c00000|  0%| F|  |TAMS 0x0000000726a00000, 0x0000000726a00000| Untracked 
| 271|0x0000000726c00000, 0x0000000726e00000, 0x0000000726e00000|100%| S|CS|TAMS 0x0000000726c00000, 0x0000000726c00000| Complete 
| 272|0x0000000726e00000, 0x0000000727000000, 0x0000000727000000|100%| S|CS|TAMS 0x0000000726e00000, 0x0000000726e00000| Complete 
| 273|0x0000000727000000, 0x0000000727000000, 0x0000000727200000|  0%| F|  |TAMS 0x0000000727000000, 0x0000000727000000| Untracked 
| 274|0x0000000727200000, 0x0000000727200000, 0x0000000727400000|  0%| F|  |TAMS 0x0000000727200000, 0x0000000727200000| Untracked 
| 275|0x0000000727400000, 0x0000000727600000, 0x0000000727600000|100%| S|CS|TAMS 0x0000000727400000, 0x0000000727400000| Complete 
| 276|0x0000000727600000, 0x0000000727800000, 0x0000000727800000|100%| S|CS|TAMS 0x0000000727600000, 0x0000000727600000| Complete 
| 277|0x0000000727800000, 0x0000000727a00000, 0x0000000727a00000|100%| S|CS|TAMS 0x0000000727800000, 0x0000000727800000| Complete 
| 278|0x0000000727a00000, 0x0000000727c00000, 0x0000000727c00000|100%| S|CS|TAMS 0x0000000727a00000, 0x0000000727a00000| Complete 
| 279|0x0000000727c00000, 0x0000000727e00000, 0x0000000727e00000|100%| S|CS|TAMS 0x0000000727c00000, 0x0000000727c00000| Complete 
| 280|0x0000000727e00000, 0x0000000727e00000, 0x0000000728000000|  0%| F|  |TAMS 0x0000000727e00000, 0x0000000727e00000| Untracked 
| 281|0x0000000728000000, 0x0000000728000000, 0x0000000728200000|  0%| F|  |TAMS 0x0000000728000000, 0x0000000728000000| Untracked 
| 282|0x0000000728200000, 0x0000000728200000, 0x0000000728400000|  0%| F|  |TAMS 0x0000000728200000, 0x0000000728200000| Untracked 
| 283|0x0000000728400000, 0x0000000728400000, 0x0000000728600000|  0%| F|  |TAMS 0x0000000728400000, 0x0000000728400000| Untracked 
| 284|0x0000000728600000, 0x0000000728600000, 0x0000000728800000|  0%| F|  |TAMS 0x0000000728600000, 0x0000000728600000| Untracked 
| 285|0x0000000728800000, 0x0000000728800000, 0x0000000728a00000|  0%| F|  |TAMS 0x0000000728800000, 0x0000000728800000| Untracked 
| 286|0x0000000728a00000, 0x0000000728a00000, 0x0000000728c00000|  0%| F|  |TAMS 0x0000000728a00000, 0x0000000728a00000| Untracked 
| 287|0x0000000728c00000, 0x0000000728c00000, 0x0000000728e00000|  0%| F|  |TAMS 0x0000000728c00000, 0x0000000728c00000| Untracked 
| 288|0x0000000728e00000, 0x0000000728e00000, 0x0000000729000000|  0%| F|  |TAMS 0x0000000728e00000, 0x0000000728e00000| Untracked 
| 289|0x0000000729000000, 0x0000000729000000, 0x0000000729200000|  0%| F|  |TAMS 0x0000000729000000, 0x0000000729000000| Untracked 
| 290|0x0000000729200000, 0x0000000729200000, 0x0000000729400000|  0%| F|  |TAMS 0x0000000729200000, 0x0000000729200000| Untracked 
| 291|0x0000000729400000, 0x0000000729400000, 0x0000000729600000|  0%| F|  |TAMS 0x0000000729400000, 0x0000000729400000| Untracked 
| 292|0x0000000729600000, 0x0000000729600000, 0x0000000729800000|  0%| F|  |TAMS 0x0000000729600000, 0x0000000729600000| Untracked 
| 293|0x0000000729800000, 0x0000000729800000, 0x0000000729a00000|  0%| F|  |TAMS 0x0000000729800000, 0x0000000729800000| Untracked 
| 294|0x0000000729a00000, 0x0000000729a00000, 0x0000000729c00000|  0%| F|  |TAMS 0x0000000729a00000, 0x0000000729a00000| Untracked 
| 295|0x0000000729c00000, 0x0000000729c00000, 0x0000000729e00000|  0%| F|  |TAMS 0x0000000729c00000, 0x0000000729c00000| Untracked 
| 296|0x0000000729e00000, 0x0000000729e00000, 0x000000072a000000|  0%| F|  |TAMS 0x0000000729e00000, 0x0000000729e00000| Untracked 
| 297|0x000000072a000000, 0x000000072a000000, 0x000000072a200000|  0%| F|  |TAMS 0x000000072a000000, 0x000000072a000000| Untracked 
| 298|0x000000072a200000, 0x000000072a200000, 0x000000072a400000|  0%| F|  |TAMS 0x000000072a200000, 0x000000072a200000| Untracked 
| 299|0x000000072a400000, 0x000000072a400000, 0x000000072a600000|  0%| F|  |TAMS 0x000000072a400000, 0x000000072a400000| Untracked 
| 300|0x000000072a600000, 0x000000072a600000, 0x000000072a800000|  0%| F|  |TAMS 0x000000072a600000, 0x000000072a600000| Untracked 
| 301|0x000000072a800000, 0x000000072a800000, 0x000000072aa00000|  0%| F|  |TAMS 0x000000072a800000, 0x000000072a800000| Untracked 
| 302|0x000000072aa00000, 0x000000072aa00000, 0x000000072ac00000|  0%| F|  |TAMS 0x000000072aa00000, 0x000000072aa00000| Untracked 
| 303|0x000000072ac00000, 0x000000072ac00000, 0x000000072ae00000|  0%| F|  |TAMS 0x000000072ac00000, 0x000000072ac00000| Untracked 
| 304|0x000000072ae00000, 0x000000072ae00000, 0x000000072b000000|  0%| F|  |TAMS 0x000000072ae00000, 0x000000072ae00000| Untracked 
| 305|0x000000072b000000, 0x000000072b000000, 0x000000072b200000|  0%| F|  |TAMS 0x000000072b000000, 0x000000072b000000| Untracked 
| 306|0x000000072b200000, 0x000000072b200000, 0x000000072b400000|  0%| F|  |TAMS 0x000000072b200000, 0x000000072b200000| Untracked 
| 307|0x000000072b400000, 0x000000072b400000, 0x000000072b600000|  0%| F|  |TAMS 0x000000072b400000, 0x000000072b400000| Untracked 
| 308|0x000000072b600000, 0x000000072b600000, 0x000000072b800000|  0%| F|  |TAMS 0x000000072b600000, 0x000000072b600000| Untracked 
| 309|0x000000072b800000, 0x000000072b800000, 0x000000072ba00000|  0%| F|  |TAMS 0x000000072b800000, 0x000000072b800000| Untracked 
| 310|0x000000072ba00000, 0x000000072ba00000, 0x000000072bc00000|  0%| F|  |TAMS 0x000000072ba00000, 0x000000072ba00000| Untracked 
| 311|0x000000072bc00000, 0x000000072bc00000, 0x000000072be00000|  0%| F|  |TAMS 0x000000072bc00000, 0x000000072bc00000| Untracked 
| 312|0x000000072be00000, 0x000000072be00000, 0x000000072c000000|  0%| F|  |TAMS 0x000000072be00000, 0x000000072be00000| Untracked 
| 313|0x000000072c000000, 0x000000072c000000, 0x000000072c200000|  0%| F|  |TAMS 0x000000072c000000, 0x000000072c000000| Untracked 
| 314|0x000000072c200000, 0x000000072c200000, 0x000000072c400000|  0%| F|  |TAMS 0x000000072c200000, 0x000000072c200000| Untracked 
| 315|0x000000072c400000, 0x000000072c400000, 0x000000072c600000|  0%| F|  |TAMS 0x000000072c400000, 0x000000072c400000| Untracked 
| 316|0x000000072c600000, 0x000000072c600000, 0x000000072c800000|  0%| F|  |TAMS 0x000000072c600000, 0x000000072c600000| Untracked 
| 317|0x000000072c800000, 0x000000072c800000, 0x000000072ca00000|  0%| F|  |TAMS 0x000000072c800000, 0x000000072c800000| Untracked 
| 318|0x000000072ca00000, 0x000000072ca00000, 0x000000072cc00000|  0%| F|  |TAMS 0x000000072ca00000, 0x000000072ca00000| Untracked 
| 319|0x000000072cc00000, 0x000000072cc00000, 0x000000072ce00000|  0%| F|  |TAMS 0x000000072cc00000, 0x000000072cc00000| Untracked 
| 320|0x000000072ce00000, 0x000000072ce00000, 0x000000072d000000|  0%| F|  |TAMS 0x000000072ce00000, 0x000000072ce00000| Untracked 
| 321|0x000000072d000000, 0x000000072d000000, 0x000000072d200000|  0%| F|  |TAMS 0x000000072d000000, 0x000000072d000000| Untracked 
| 322|0x000000072d200000, 0x000000072d200000, 0x000000072d400000|  0%| F|  |TAMS 0x000000072d200000, 0x000000072d200000| Untracked 
| 323|0x000000072d400000, 0x000000072d400000, 0x000000072d600000|  0%| F|  |TAMS 0x000000072d400000, 0x000000072d400000| Untracked 
| 324|0x000000072d600000, 0x000000072d600000, 0x000000072d800000|  0%| F|  |TAMS 0x000000072d600000, 0x000000072d600000| Untracked 
| 325|0x000000072d800000, 0x000000072d800000, 0x000000072da00000|  0%| F|  |TAMS 0x000000072d800000, 0x000000072d800000| Untracked 
| 326|0x000000072da00000, 0x000000072da00000, 0x000000072dc00000|  0%| F|  |TAMS 0x000000072da00000, 0x000000072da00000| Untracked 
| 327|0x000000072dc00000, 0x000000072dc00000, 0x000000072de00000|  0%| F|  |TAMS 0x000000072dc00000, 0x000000072dc00000| Untracked 
| 328|0x000000072de00000, 0x000000072de00000, 0x000000072e000000|  0%| F|  |TAMS 0x000000072de00000, 0x000000072de00000| Untracked 
| 329|0x000000072e000000, 0x000000072e000000, 0x000000072e200000|  0%| F|  |TAMS 0x000000072e000000, 0x000000072e000000| Untracked 
| 330|0x000000072e200000, 0x000000072e200000, 0x000000072e400000|  0%| F|  |TAMS 0x000000072e200000, 0x000000072e200000| Untracked 
| 331|0x000000072e400000, 0x000000072e400000, 0x000000072e600000|  0%| F|  |TAMS 0x000000072e400000, 0x000000072e400000| Untracked 
| 332|0x000000072e600000, 0x000000072e600000, 0x000000072e800000|  0%| F|  |TAMS 0x000000072e600000, 0x000000072e600000| Untracked 
| 333|0x000000072e800000, 0x000000072e800000, 0x000000072ea00000|  0%| F|  |TAMS 0x000000072e800000, 0x000000072e800000| Untracked 
| 334|0x000000072ea00000, 0x000000072ea00000, 0x000000072ec00000|  0%| F|  |TAMS 0x000000072ea00000, 0x000000072ea00000| Untracked 
| 335|0x000000072ec00000, 0x000000072ec00000, 0x000000072ee00000|  0%| F|  |TAMS 0x000000072ec00000, 0x000000072ec00000| Untracked 
| 336|0x000000072ee00000, 0x000000072ee00000, 0x000000072f000000|  0%| F|  |TAMS 0x000000072ee00000, 0x000000072ee00000| Untracked 
| 337|0x000000072f000000, 0x000000072f000000, 0x000000072f200000|  0%| F|  |TAMS 0x000000072f000000, 0x000000072f000000| Untracked 
| 338|0x000000072f200000, 0x000000072f200000, 0x000000072f400000|  0%| F|  |TAMS 0x000000072f200000, 0x000000072f200000| Untracked 
| 339|0x000000072f400000, 0x000000072f400000, 0x000000072f600000|  0%| F|  |TAMS 0x000000072f400000, 0x000000072f400000| Untracked 
| 340|0x000000072f600000, 0x000000072f600000, 0x000000072f800000|  0%| F|  |TAMS 0x000000072f600000, 0x000000072f600000| Untracked 

Card table byte_map: [0x0000021460700000,0x0000021460ee0000] _byte_map_base: 0x000002145ced9000

Marking Bits (Prev, Next): (CMBitMap*) 0x0000021448999270, (CMBitMap*) 0x00000214489992b0
 Prev Bits: [0x00000214616c0000, 0x0000021465588000)
 Next Bits: [0x0000021465590000, 0x0000021469458000)

Polling page: 0x00000214467c0000

Metaspace:

Usage:
  Non-class:     84.56 MB used.
      Class:      9.00 MB used.
       Both:     93.56 MB used.

Virtual space:
  Non-class space:      128.00 MB reserved,      84.75 MB ( 66%) committed,  2 nodes.
      Class space:        1.00 GB reserved,       9.19 MB ( <1%) committed,  1 nodes.
             Both:        1.12 GB reserved,      93.94 MB (  8%) committed. 

Chunk freelists:
   Non-Class:  11.08 MB
       Class:  6.80 MB
        Both:  17.88 MB

MaxMetaspaceSize: unlimited
CompressedClassSpaceSize: 1.00 GB
Initial GC threshold: 21.00 MB
Current GC threshold: 123.44 MB
CDS: on
MetaspaceReclaimPolicy: balanced
 - commit_granule_bytes: 65536.
 - commit_granule_words: 8192.
 - virtual_space_node_default_size: 8388608.
 - enlarge_chunks_in_place: 1.
 - new_chunks_are_fully_committed: 0.
 - uncommit_free_chunks: 1.
 - use_allocation_guard: 0.
 - handle_deallocations: 1.


Internal statistics:

num_allocs_failed_limit: 6.
num_arena_births: 432.
num_arena_deaths: 0.
num_vsnodes_births: 3.
num_vsnodes_deaths: 0.
num_space_committed: 1499.
num_space_uncommitted: 0.
num_chunks_returned_to_freelist: 6.
num_chunks_taken_from_freelist: 3776.
num_chunk_merges: 6.
num_chunk_splits: 3105.
num_chunks_enlarged: 2804.
num_inconsistent_stats: 0.

CodeHeap 'non-profiled nmethods': size=119168Kb used=28491Kb max_used=28491Kb free=90677Kb
 bounds [0x0000021458010000, 0x0000021459bf0000, 0x000002145f470000]
CodeHeap 'profiled nmethods': size=119104Kb used=83127Kb max_used=83305Kb free=35976Kb
 bounds [0x0000021450470000, 0x0000021455670000, 0x00000214578c0000]
CodeHeap 'non-nmethods': size=7488Kb used=3182Kb max_used=3285Kb free=4305Kb
 bounds [0x00000214578c0000, 0x0000021457c10000, 0x0000021458010000]
 total_blobs=26060 nmethods=25229 adapters=732
 compilation: enabled
              stopped_count=0, restarted_count=0
 full_count=0

Compilation events (20 events):
Event: 63.075 Thread 0x0000021476325030 33920       3       org.jetbrains.kotlin.fir.serialization.FirElementSerializer$memberDeclarations$$inlined$collectDeclarations$2::compare (89 bytes)
Event: 63.075 Thread 0x0000021476325030 nmethod 33920 0x00000214545a4c90 code [0x00000214545a4f20, 0x00000214545a5f88]
Event: 63.080 Thread 0x0000021473565d50 33921       4       org.jetbrains.kotlin.backend.jvm.ir.JvmIrInlineUtilsKt::isInlineParameter (97 bytes)
Event: 63.088 Thread 0x00000214735652b0 nmethod 33856 0x0000021459bc5310 code [0x0000021459bc5c60, 0x0000021459bcd140]
Event: 63.092 Thread 0x0000021474355120 33922       3       org.jetbrains.kotlin.codegen.inline.InplaceArgumentsMethodTransformer::collectLvtEntryInstructions (263 bytes)
Event: 63.093 Thread 0x0000021474355120 nmethod 33922 0x00000214552e2b90 code [0x00000214552e2f20, 0x00000214552e49f8]
Event: 63.094 Thread 0x0000021474353be0 33923 %     3       org.jetbrains.kotlin.codegen.inline.InplaceArgumentsMethodTransformer::collectLvtEntryInstructions @ 81 (263 bytes)
Event: 63.094 Thread 0x0000021473566d40 nmethod 33916 0x0000021459bd3d90 code [0x0000021459bd4200, 0x0000021459bd7c10]
Event: 63.096 Thread 0x0000021474353be0 nmethod 33923% 0x0000021453db1c90 code [0x0000021453db2020, 0x0000021453db3cf8]
Event: 63.097 Thread 0x0000021476325030 33924       3       org.jetbrains.org.objectweb.asm.MethodVisitor::visitIincInsn (17 bytes)
Event: 63.097 Thread 0x0000021476325030 nmethod 33924 0x000002145538ae90 code [0x000002145538b040, 0x000002145538b248]
Event: 63.097 Thread 0x0000021476325030 33925       3       org.jetbrains.kotlin.codegen.inline.InternalFinallyBlockInliner::processInlineFunFinallyBlocks (175 bytes)
Event: 63.098 Thread 0x000002146bda3590 33926       4       org.jetbrains.kotlin.backend.jvm.codegen.ExpressionCodegen::genOrGetLocal$backend_jvm_codegen (120 bytes)
Event: 63.099 Thread 0x0000021476325030 nmethod 33925 0x0000021455194c10 code [0x0000021455195080, 0x0000021455197578]
Event: 63.099 Thread 0x0000021473566d40 33927       4       org.jetbrains.kotlin.codegen.optimization.LabelNormalizationMethodTransformer$TransformerForMethod::rewriteNonLabelInstructions (113 bytes)
Event: 63.099 Thread 0x0000021473565d50 nmethod 33921 0x0000021459bda310 code [0x0000021459bda600, 0x0000021459bdbb38]
Event: 63.105 Thread 0x0000021473565d50 33928       4       org.jetbrains.kotlin.codegen.inline.LocalVarNodeWrapper::<init> (16 bytes)
Event: 63.105 Thread 0x0000021473565d50 nmethod 33928 0x0000021459bdcc10 code [0x0000021459bdcda0, 0x0000021459bdcef8]
Event: 63.118 Thread 0x0000021473566d40 nmethod 33927 0x0000021459bdcf90 code [0x0000021459bdd200, 0x0000021459bde710]
Event: 63.119 Thread 0x000002146bda3590 nmethod 33926 0x0000021459bdf710 code [0x0000021459bdfa80, 0x0000021459be15a8]

GC Heap History (20 events):
Event: 59.061 GC heap after
{Heap after GC invocations=54 (full 0):
 garbage-first heap   total 698368K, used 415043K [0x0000000704e00000, 0x0000000800000000)
  region size 2048K, 3 young (6144K), 3 survivors (6144K)
 Metaspace       used 95188K, committed 95552K, reserved 1179648K
  class space    used 9200K, committed 9344K, reserved 1048576K
}
Event: 59.381 GC heap before
{Heap before GC invocations=54 (full 0):
 garbage-first heap   total 698368K, used 603459K [0x0000000704e00000, 0x0000000800000000)
  region size 2048K, 95 young (194560K), 3 survivors (6144K)
 Metaspace       used 95269K, committed 95616K, reserved 1179648K
  class space    used 9202K, committed 9344K, reserved 1048576K
}
Event: 59.385 GC heap after
{Heap after GC invocations=55 (full 0):
 garbage-first heap   total 698368K, used 418632K [0x0000000704e00000, 0x0000000800000000)
  region size 2048K, 4 young (8192K), 4 survivors (8192K)
 Metaspace       used 95269K, committed 95616K, reserved 1179648K
  class space    used 9202K, committed 9344K, reserved 1048576K
}
Event: 59.841 GC heap before
{Heap before GC invocations=55 (full 0):
 garbage-first heap   total 698368K, used 605000K [0x0000000704e00000, 0x0000000800000000)
  region size 2048K, 95 young (194560K), 4 survivors (8192K)
 Metaspace       used 95327K, committed 95680K, reserved 1179648K
  class space    used 9202K, committed 9344K, reserved 1048576K
}
Event: 59.849 GC heap after
{Heap after GC invocations=56 (full 0):
 garbage-first heap   total 698368K, used 427280K [0x0000000704e00000, 0x0000000800000000)
  region size 2048K, 8 young (16384K), 8 survivors (16384K)
 Metaspace       used 95327K, committed 95680K, reserved 1179648K
  class space    used 9202K, committed 9344K, reserved 1048576K
}
Event: 60.342 GC heap before
{Heap before GC invocations=56 (full 0):
 garbage-first heap   total 698368K, used 601360K [0x0000000704e00000, 0x0000000800000000)
  region size 2048K, 93 young (190464K), 8 survivors (16384K)
 Metaspace       used 95452K, committed 95872K, reserved 1179648K
  class space    used 9207K, committed 9408K, reserved 1048576K
}
Event: 60.352 GC heap after
{Heap after GC invocations=57 (full 0):
 garbage-first heap   total 698368K, used 433236K [0x0000000704e00000, 0x0000000800000000)
  region size 2048K, 9 young (18432K), 9 survivors (18432K)
 Metaspace       used 95452K, committed 95872K, reserved 1179648K
  class space    used 9207K, committed 9408K, reserved 1048576K
}
Event: 60.886 GC heap before
{Heap before GC invocations=57 (full 0):
 garbage-first heap   total 698368K, used 597076K [0x0000000704e00000, 0x0000000800000000)
  region size 2048K, 89 young (182272K), 9 survivors (18432K)
 Metaspace       used 95521K, committed 95936K, reserved 1179648K
  class space    used 9208K, committed 9408K, reserved 1048576K
}
Event: 60.894 GC heap after
{Heap after GC invocations=58 (full 0):
 garbage-first heap   total 698368K, used 438334K [0x0000000704e00000, 0x0000000800000000)
  region size 2048K, 9 young (18432K), 9 survivors (18432K)
 Metaspace       used 95521K, committed 95936K, reserved 1179648K
  class space    used 9208K, committed 9408K, reserved 1048576K
}
Event: 61.282 GC heap before
{Heap before GC invocations=58 (full 0):
 garbage-first heap   total 698368K, used 593982K [0x0000000704e00000, 0x0000000800000000)
  region size 2048K, 85 young (174080K), 9 survivors (18432K)
 Metaspace       used 95590K, committed 96000K, reserved 1179648K
  class space    used 9208K, committed 9408K, reserved 1048576K
}
Event: 61.293 GC heap after
{Heap after GC invocations=59 (full 0):
 garbage-first heap   total 698368K, used 443782K [0x0000000704e00000, 0x0000000800000000)
  region size 2048K, 8 young (16384K), 8 survivors (16384K)
 Metaspace       used 95590K, committed 96000K, reserved 1179648K
  class space    used 9208K, committed 9408K, reserved 1048576K
}
Event: 61.656 GC heap before
{Heap before GC invocations=59 (full 0):
 garbage-first heap   total 698368K, used 597382K [0x0000000704e00000, 0x0000000800000000)
  region size 2048K, 83 young (169984K), 8 survivors (16384K)
 Metaspace       used 95612K, committed 96000K, reserved 1179648K
  class space    used 9208K, committed 9408K, reserved 1048576K
}
Event: 61.668 GC heap after
{Heap after GC invocations=60 (full 0):
 garbage-first heap   total 698368K, used 453782K [0x0000000704e00000, 0x0000000800000000)
  region size 2048K, 9 young (18432K), 9 survivors (18432K)
 Metaspace       used 95612K, committed 96000K, reserved 1179648K
  class space    used 9208K, committed 9408K, reserved 1048576K
}
Event: 62.051 GC heap before
{Heap before GC invocations=60 (full 0):
 garbage-first heap   total 698368K, used 597142K [0x0000000704e00000, 0x0000000800000000)
  region size 2048K, 79 young (161792K), 9 survivors (18432K)
 Metaspace       used 95626K, committed 96064K, reserved 1179648K
  class space    used 9208K, committed 9408K, reserved 1048576K
}
Event: 62.059 GC heap after
{Heap after GC invocations=61 (full 0):
 garbage-first heap   total 698368K, used 457499K [0x0000000704e00000, 0x0000000800000000)
  region size 2048K, 6 young (12288K), 6 survivors (12288K)
 Metaspace       used 95626K, committed 96064K, reserved 1179648K
  class space    used 9208K, committed 9408K, reserved 1048576K
}
Event: 62.457 GC heap before
{Heap before GC invocations=61 (full 0):
 garbage-first heap   total 698368K, used 596763K [0x0000000704e00000, 0x0000000800000000)
  region size 2048K, 74 young (151552K), 6 survivors (12288K)
 Metaspace       used 95654K, committed 96064K, reserved 1179648K
  class space    used 9208K, committed 9408K, reserved 1048576K
}
Event: 62.463 GC heap after
{Heap after GC invocations=62 (full 0):
 garbage-first heap   total 698368K, used 462335K [0x0000000704e00000, 0x0000000800000000)
  region size 2048K, 8 young (16384K), 8 survivors (16384K)
 Metaspace       used 95654K, committed 96064K, reserved 1179648K
  class space    used 9208K, committed 9408K, reserved 1048576K
}
Event: 62.785 GC heap before
{Heap before GC invocations=62 (full 0):
 garbage-first heap   total 698368K, used 597503K [0x0000000704e00000, 0x0000000800000000)
  region size 2048K, 74 young (151552K), 8 survivors (16384K)
 Metaspace       used 95667K, committed 96064K, reserved 1179648K
  class space    used 9208K, committed 9408K, reserved 1048576K
}
Event: 62.796 GC heap after
{Heap after GC invocations=63 (full 0):
 garbage-first heap   total 698368K, used 470634K [0x0000000704e00000, 0x0000000800000000)
  region size 2048K, 9 young (18432K), 9 survivors (18432K)
 Metaspace       used 95667K, committed 96064K, reserved 1179648K
  class space    used 9208K, committed 9408K, reserved 1048576K
}
Event: 63.134 GC heap before
{Heap before GC invocations=63 (full 0):
 garbage-first heap   total 698368K, used 595562K [0x0000000704e00000, 0x0000000800000000)
  region size 2048K, 70 young (143360K), 9 survivors (18432K)
 Metaspace       used 95803K, committed 96192K, reserved 1179648K
  class space    used 9215K, committed 9408K, reserved 1048576K
}

Dll operation events (7 events):
Event: 0.006 Loaded shared library C:\Program Files\Amazon Corretto\jdk17.0.16_8\bin\java.dll
Event: 0.027 Loaded shared library C:\Program Files\Amazon Corretto\jdk17.0.16_8\bin\jsvml.dll
Event: 0.062 Loaded shared library C:\Program Files\Amazon Corretto\jdk17.0.16_8\bin\net.dll
Event: 0.063 Loaded shared library C:\Program Files\Amazon Corretto\jdk17.0.16_8\bin\nio.dll
Event: 0.080 Loaded shared library C:\Program Files\Amazon Corretto\jdk17.0.16_8\bin\zip.dll
Event: 0.102 Loaded shared library C:\Program Files\Amazon Corretto\jdk17.0.16_8\bin\jimage.dll
Event: 0.836 Loaded shared library C:\Program Files\Amazon Corretto\jdk17.0.16_8\bin\verify.dll

Deoptimization events (20 events):
Event: 63.090 Thread 0x0000021448928850 Uncommon trap: trap_request=0xffffffc6 fr.pc=0x0000021459a2ba80 relative=0x00000000000063c0
Event: 63.090 Thread 0x0000021448928850 Uncommon trap: reason=bimorphic_or_optimized_type_check action=maybe_recompile pc=0x0000021459a2ba80 method=org.jetbrains.kotlin.backend.jvm.ir.JvmIrUtilsKt.findSuperDeclaration(Lorg/jetbrains/kotlin/ir/declarations/IrSimpleFunction;ZLorg/jetbrains/kotlin
Event: 63.090 Thread 0x0000021448928850 DEOPT PACKING pc=0x0000021459a2ba80 sp=0x000000dc6b9fa490
Event: 63.091 Thread 0x0000021448928850 DEOPT UNPACKING pc=0x00000214579169a3 sp=0x000000dc6b9fa360 mode 2
Event: 63.092 Thread 0x0000021448928850 Uncommon trap: trap_request=0xffffff45 fr.pc=0x0000021459738d70 relative=0x0000000000000270
Event: 63.092 Thread 0x0000021448928850 Uncommon trap: reason=unstable_if action=reinterpret pc=0x0000021459738d70 method=org.jetbrains.kotlin.codegen.inline.InplaceArgumentsMethodTransformer.collectLvtEntryInstructions(Lorg/jetbrains/kotlin/codegen/inline/InplaceArgumentsMethodTransformer$Meth
Event: 63.092 Thread 0x0000021448928850 DEOPT PACKING pc=0x0000021459738d70 sp=0x000000dc6b9fac50
Event: 63.092 Thread 0x0000021448928850 DEOPT UNPACKING pc=0x00000214579169a3 sp=0x000000dc6b9fac10 mode 2
Event: 63.092 Thread 0x0000021448928850 Uncommon trap: trap_request=0xffffff45 fr.pc=0x000002145997cd68 relative=0x0000000000000268
Event: 63.092 Thread 0x0000021448928850 Uncommon trap: reason=unstable_if action=reinterpret pc=0x000002145997cd68 method=org.jetbrains.kotlin.codegen.inline.InplaceArgumentsMethodTransformer.collectLvtEntryInstructions(Lorg/jetbrains/kotlin/codegen/inline/InplaceArgumentsMethodTransformer$Meth
Event: 63.092 Thread 0x0000021448928850 DEOPT PACKING pc=0x000002145997cd68 sp=0x000000dc6b9fac60
Event: 63.092 Thread 0x0000021448928850 DEOPT UNPACKING pc=0x00000214579169a3 sp=0x000000dc6b9fac10 mode 2
Event: 63.094 Thread 0x0000021448928850 Uncommon trap: trap_request=0xffffff45 fr.pc=0x0000021459bb375c relative=0x00000000000018dc
Event: 63.094 Thread 0x0000021448928850 Uncommon trap: reason=unstable_if action=reinterpret pc=0x0000021459bb375c method=org.jetbrains.kotlin.codegen.optimization.fixStack.FixStackContext.hasAnyMarkers()Z @ 12 c2
Event: 63.094 Thread 0x0000021448928850 DEOPT PACKING pc=0x0000021459bb375c sp=0x000000dc6b9fac40
Event: 63.094 Thread 0x0000021448928850 DEOPT UNPACKING pc=0x00000214579169a3 sp=0x000000dc6b9fabc0 mode 2
Event: 63.099 Thread 0x0000021448928850 DEOPT PACKING pc=0x000002145500903e sp=0x000000dc6b9fbcc0
Event: 63.099 Thread 0x0000021448928850 DEOPT UNPACKING pc=0x0000021457917143 sp=0x000000dc6b9fb1c0 mode 0
Event: 63.099 Thread 0x0000021448928850 DEOPT PACKING pc=0x0000021454f543c3 sp=0x000000dc6b9fbbf0
Event: 63.099 Thread 0x0000021448928850 DEOPT UNPACKING pc=0x0000021457917143 sp=0x000000dc6b9fb1b8 mode 0

Classes loaded (20 events):
Event: 49.790 Loading class java/lang/constant/DirectMethodHandleDescImpl$1
Event: 49.790 Loading class java/lang/constant/DirectMethodHandleDescImpl$1 done
Event: 49.790 Loading class java/lang/constant/DirectMethodHandleDesc$1
Event: 49.790 Loading class java/lang/constant/DirectMethodHandleDesc$1 done
Event: 49.790 Loading class java/lang/constant/PrimitiveClassDescImpl
Event: 49.790 Loading class java/lang/constant/DynamicConstantDesc
Event: 49.790 Loading class java/lang/constant/DynamicConstantDesc done
Event: 49.790 Loading class java/lang/constant/PrimitiveClassDescImpl done
Event: 49.790 Loading class java/lang/constant/DynamicConstantDesc$AnonymousDynamicConstantDesc
Event: 49.790 Loading class java/lang/constant/DynamicConstantDesc$AnonymousDynamicConstantDesc done
Event: 49.791 Loading class sun/security/provider/ByteArrayAccess
Event: 49.791 Loading class sun/security/provider/ByteArrayAccess done
Event: 49.791 Loading class java/util/Base64
Event: 49.791 Loading class java/util/Base64 done
Event: 49.791 Loading class java/util/Base64$Encoder
Event: 49.791 Loading class java/util/Base64$Encoder done
Event: 53.384 Loading class java/lang/TypeNotPresentException
Event: 53.384 Loading class java/lang/TypeNotPresentException done
Event: 53.603 Loading class java/util/Vector$Itr
Event: 53.603 Loading class java/util/Vector$Itr done

Classes unloaded (0 events):
No events

Classes redefined (0 events):
No events

Internal exceptions (20 events):
Event: 53.514 Thread 0x0000021448928850 Exception <a 'java/lang/NoSuchMethodError'{0x00000007253eb048}: 'java.lang.Object java.lang.invoke.DirectMethodHandle$Holder.invokeStatic(java.lang.Object, int, int)'> (0x00000007253eb048) 
thrown [s\src\hotspot\share\interpreter\linkResolver.cpp, line 759]
Event: 53.599 Thread 0x0000021448928850 Exception <a 'java/lang/NoSuchMethodError'{0x0000000724c4d608}: 'java.lang.Object java.lang.invoke.DirectMethodHandle$Holder.newInvokeSpecial(java.lang.Object, java.lang.Object, java.lang.Object, java.lang.Object, int, java.lang.Object)'> (0x0000000724c4d608) 
thrown [s\src\hotspot\share\interpreter\linkResolver.cpp, line 759]
Event: 53.600 Thread 0x0000021448928850 Exception <a 'java/lang/NoSuchMethodError'{0x0000000724c523d0}: 'java.lang.Object java.lang.invoke.DirectMethodHandle$Holder.invokeSpecial(java.lang.Object, java.lang.Object, java.lang.Object, java.lang.Object, java.lang.Object, int, java.lang.Object)'> (0x0000000724c523d0) 
thrown [s\src\hotspot\share\interpreter\linkResolver.cpp, line 759]
Event: 53.600 Thread 0x0000021448928850 Exception <a 'java/lang/NoSuchMethodError'{0x0000000724c56a00}: 'java.lang.Object java.lang.invoke.Invokers$Holder.linkToTargetMethod(java.lang.Object, java.lang.Object, java.lang.Object, int, java.lang.Object, java.lang.Object)'> (0x0000000724c56a00) 
thrown [s\src\hotspot\share\interpreter\linkResolver.cpp, line 759]
Event: 53.663 Thread 0x0000021448928850 Implicit null exception at 0x0000021458cd552f to 0x0000021458cd5560
Event: 53.674 Thread 0x0000021448928850 Exception <a 'java/lang/NoSuchMethodError'{0x0000000724842fd8}: 'java.lang.Object java.lang.invoke.DirectMethodHandle$Holder.invokeStatic(java.lang.Object, java.lang.Object, java.lang.Object, java.lang.Object, java.lang.Object, int)'> (0x0000000724842fd8) 
thrown [s\src\hotspot\share\interpreter\linkResolver.cpp, line 759]
Event: 53.706 Thread 0x0000021448928850 Exception <a 'java/lang/NoSuchMethodError'{0x000000072492ce38}: 'java.lang.Object java.lang.invoke.DirectMethodHandle$Holder.newInvokeSpecial(java.lang.Object, java.lang.Object, java.lang.Object, java.lang.Object, java.lang.Object, int, java.lang.Object)'> (0x000000072492ce38) 
thrown [s\src\hotspot\share\interpreter\linkResolver.cpp, line 759]
Event: 53.707 Thread 0x0000021448928850 Exception <a 'java/lang/NoSuchMethodError'{0x0000000724932288}: 'java.lang.Object java.lang.invoke.DirectMethodHandle$Holder.invokeSpecial(java.lang.Object, java.lang.Object, java.lang.Object, java.lang.Object, java.lang.Object, java.lang.Object, int, java.lang.Object)'> (0x0000000724932288) 
thrown [s\src\hotspot\share\interpreter\linkResolver.cpp, line 759]
Event: 53.707 Thread 0x0000021448928850 Exception <a 'java/lang/NoSuchMethodError'{0x0000000724936c70}: 'java.lang.Object java.lang.invoke.Invokers$Holder.linkToTargetMethod(java.lang.Object, java.lang.Object, java.lang.Object, java.lang.Object, int, java.lang.Object, java.lang.Object)'> (0x0000000724936c70) 
thrown [s\src\hotspot\share\interpreter\linkResolver.cpp, line 759]
Event: 53.798 Thread 0x0000021448928850 Exception <a 'java/lang/NoSuchMethodError'{0x00000007244c57b8}: 'java.lang.Object java.lang.invoke.DirectMethodHandle$Holder.newInvokeSpecial(java.lang.Object, int, int, java.lang.Object)'> (0x00000007244c57b8) 
thrown [s\src\hotspot\share\interpreter\linkResolver.cpp, line 759]
Event: 53.798 Thread 0x0000021448928850 Exception <a 'java/lang/NoSuchMethodError'{0x00000007244c99e0}: 'java.lang.Object java.lang.invoke.DirectMethodHandle$Holder.invokeSpecial(java.lang.Object, java.lang.Object, int, int, java.lang.Object)'> (0x00000007244c99e0) 
thrown [s\src\hotspot\share\interpreter\linkResolver.cpp, line 759]
Event: 53.800 Thread 0x0000021448928850 Exception <a 'java/lang/NoSuchMethodError'{0x00000007244d73d8}: 'java.lang.Object java.lang.invoke.DirectMethodHandle$Holder.invokeStatic(java.lang.Object, java.lang.Object, int, int, java.lang.Object)'> (0x00000007244d73d8) 
thrown [s\src\hotspot\share\interpreter\linkResolver.cpp, line 759]
Event: 54.719 Thread 0x0000021448928850 Implicit null exception at 0x000002145920d0d8 to 0x0000021459215410
Event: 56.203 Thread 0x0000021448928850 Implicit null exception at 0x00000214596db70e to 0x00000214596de10c
Event: 58.233 Thread 0x0000021448928850 Implicit null exception at 0x00000214595c452f to 0x00000214595c9e50
Event: 58.284 Thread 0x0000021448928850 Implicit null exception at 0x0000021459859053 to 0x000002145985e0cc
Event: 58.385 Thread 0x0000021448928850 Implicit null exception at 0x00000214596f23e1 to 0x00000214596f4ea4
Event: 60.065 Thread 0x0000021448928850 Implicit null exception at 0x00000214598d25e3 to 0x00000214598d36c8
Event: 60.066 Thread 0x0000021448928850 Implicit null exception at 0x000002145998f04f to 0x000002145998f4a8
Event: 60.132 Thread 0x0000021448928850 Implicit null exception at 0x0000021459959a2d to 0x000002145995b2dc

VM Operations (20 events):
Event: 61.293 Executing VM operation: G1CollectForAllocation done
Event: 61.505 Executing VM operation: HandshakeAllThreads
Event: 61.505 Executing VM operation: HandshakeAllThreads done
Event: 61.656 Executing VM operation: G1CollectForAllocation
Event: 61.668 Executing VM operation: G1CollectForAllocation done
Event: 61.700 Executing VM operation: HandshakeAllThreads
Event: 61.700 Executing VM operation: HandshakeAllThreads done
Event: 62.051 Executing VM operation: G1CollectForAllocation
Event: 62.059 Executing VM operation: G1CollectForAllocation done
Event: 62.106 Executing VM operation: HandshakeAllThreads
Event: 62.106 Executing VM operation: HandshakeAllThreads done
Event: 62.456 Executing VM operation: G1CollectForAllocation
Event: 62.463 Executing VM operation: G1CollectForAllocation done
Event: 62.785 Executing VM operation: G1CollectForAllocation
Event: 62.796 Executing VM operation: G1CollectForAllocation done
Event: 62.824 Executing VM operation: HandshakeAllThreads
Event: 62.824 Executing VM operation: HandshakeAllThreads done
Event: 63.088 Executing VM operation: ICBufferFull
Event: 63.088 Executing VM operation: ICBufferFull done
Event: 63.134 Executing VM operation: G1CollectForAllocation

Memory protections (0 events):
No events

Nmethod flushes (20 events):
Event: 62.897 Thread 0x000002146bda5580 flushing  nmethod 0x0000021454f2bc10
Event: 62.897 Thread 0x000002146bda5580 flushing  nmethod 0x0000021454f31c90
Event: 62.897 Thread 0x000002146bda5580 flushing  nmethod 0x0000021454f47010
Event: 62.897 Thread 0x000002146bda5580 flushing  nmethod 0x0000021454f50310
Event: 62.897 Thread 0x000002146bda5580 flushing  nmethod 0x0000021454f6b190
Event: 62.898 Thread 0x000002146bda5580 flushing  nmethod 0x0000021454fe7e10
Event: 62.898 Thread 0x000002146bda5580 flushing  nmethod 0x0000021454ff8610
Event: 62.899 Thread 0x000002146bda5580 flushing  nmethod 0x0000021455068c90
Event: 62.899 Thread 0x000002146bda5580 flushing  nmethod 0x00000214550db690
Event: 62.902 Thread 0x000002146bda5580 flushing  nmethod 0x00000214552a6310
Event: 62.902 Thread 0x000002146bda5580 flushing  nmethod 0x00000214552c6990
Event: 62.902 Thread 0x000002146bda5580 flushing  nmethod 0x00000214552d9d90
Event: 62.902 Thread 0x000002146bda5580 flushing  nmethod 0x00000214552dd590
Event: 62.902 Thread 0x000002146bda5580 flushing  nmethod 0x00000214552def10
Event: 62.902 Thread 0x000002146bda5580 flushing  nmethod 0x00000214552e2b90
Event: 62.902 Thread 0x000002146bda5580 flushing  nmethod 0x00000214552e2f10
Event: 62.902 Thread 0x000002146bda5580 flushing  nmethod 0x000002145534ed10
Event: 62.903 Thread 0x000002146bda5580 flushing  nmethod 0x000002145535a810
Event: 62.903 Thread 0x000002146bda5580 flushing  nmethod 0x00000214553b6110
Event: 62.905 Thread 0x000002146bda5580 flushing  nmethod 0x000002145556f190

Events (20 events):
Event: 42.464 Thread 0x00000214735652b0 Thread exited: 0x00000214735652b0
Event: 42.464 Thread 0x00000214735632d0 Thread exited: 0x00000214735632d0
Event: 42.554 Thread 0x0000021473564d60 Thread exited: 0x0000021473564d60
Event: 42.568 Thread 0x0000021476324040 Thread exited: 0x0000021476324040
Event: 42.614 Thread 0x0000021476325030 Thread added: 0x00000214735652b0
Event: 42.633 Thread 0x0000021476325030 Thread added: 0x0000021473566d40
Event: 44.168 Thread 0x0000021476325030 Thread added: 0x0000021473565d50
Event: 44.939 Thread 0x0000021476327560 Thread added: 0x00000214735662a0
Event: 45.046 Thread 0x0000021476325030 Thread added: 0x0000021473564d60
Event: 47.416 Thread 0x0000021473564d60 Thread exited: 0x0000021473564d60
Event: 48.215 Thread 0x0000021476327560 Thread added: 0x0000021473568280
Event: 59.149 Thread 0x0000021473568280 Thread exited: 0x0000021473568280
Event: 59.149 Thread 0x00000214735662a0 Thread exited: 0x00000214735662a0
Event: 59.149 Thread 0x0000021476327560 Thread exited: 0x0000021476327560
Event: 59.150 Thread 0x0000021476325580 Thread exited: 0x0000021476325580
Event: 59.150 Thread 0x0000021476325030 Thread exited: 0x0000021476325030
Event: 59.156 Thread 0x00000214735652b0 Thread added: 0x0000021474357100
Event: 59.156 Thread 0x00000214735652b0 Thread added: 0x0000021474353be0
Event: 60.359 Thread 0x0000021474353be0 Thread added: 0x0000021474355120
Event: 60.902 Thread 0x0000021474353be0 Thread added: 0x0000021476325030


Dynamic libraries:
0x00007ff760170000 - 0x00007ff76017e000 	C:\Program Files\Amazon Corretto\jdk17.0.16_8\bin\java.exe
0x00007ffcf5d40000 - 0x00007ffcf5fa7000 	C:\WINDOWS\SYSTEM32\ntdll.dll
0x00007ffcf3ad0000 - 0x00007ffcf3b99000 	C:\WINDOWS\System32\KERNEL32.DLL
0x00007ffcf3270000 - 0x00007ffcf3660000 	C:\WINDOWS\System32\KERNELBASE.dll
0x00007ffcf3070000 - 0x00007ffcf31bb000 	C:\WINDOWS\System32\ucrtbase.dll
0x00007ffcdab10000 - 0x00007ffcdab27000 	C:\Program Files\Amazon Corretto\jdk17.0.16_8\bin\jli.dll
0x00007ffcdaaf0000 - 0x00007ffcdab0b000 	C:\Program Files\Amazon Corretto\jdk17.0.16_8\bin\VCRUNTIME140.dll
0x00007ffcf57d0000 - 0x00007ffcf5995000 	C:\WINDOWS\System32\USER32.dll
0x00007ffcf2e70000 - 0x00007ffcf2e97000 	C:\WINDOWS\System32\win32u.dll
0x00007ffcde360000 - 0x00007ffcde5fa000 	C:\WINDOWS\WinSxS\amd64_microsoft.windows.common-controls_6595b64144ccf1df_6.0.26100.4768_none_3e0c112ce331287c\COMCTL32.dll
0x00007ffcf5b70000 - 0x00007ffcf5c19000 	C:\WINDOWS\System32\msvcrt.dll
0x00007ffcf4b00000 - 0x00007ffcf4b2b000 	C:\WINDOWS\System32\GDI32.dll
0x00007ffcf2ea0000 - 0x00007ffcf2fd8000 	C:\WINDOWS\System32\gdi32full.dll
0x00007ffcf31c0000 - 0x00007ffcf3263000 	C:\WINDOWS\System32\msvcp_win.dll
0x00007ffcf50e0000 - 0x00007ffcf510f000 	C:\WINDOWS\System32\IMM32.DLL
0x00007ffce4ae0000 - 0x00007ffce4aec000 	C:\Program Files\Amazon Corretto\jdk17.0.16_8\bin\vcruntime140_1.dll
0x00007ffcc3da0000 - 0x00007ffcc3e2d000 	C:\Program Files\Amazon Corretto\jdk17.0.16_8\bin\msvcp140.dll
0x00007ffc923d0000 - 0x00007ffc9303c000 	C:\Program Files\Amazon Corretto\jdk17.0.16_8\bin\server\jvm.dll
0x00007ffcf4ec0000 - 0x00007ffcf4f74000 	C:\WINDOWS\System32\ADVAPI32.dll
0x00007ffcf4f80000 - 0x00007ffcf5026000 	C:\WINDOWS\System32\sechost.dll
0x00007ffcf5210000 - 0x00007ffcf5328000 	C:\WINDOWS\System32\RPCRT4.dll
0x00007ffcf5c20000 - 0x00007ffcf5c94000 	C:\WINDOWS\System32\WS2_32.dll
0x00007ffcf2cd0000 - 0x00007ffcf2d2e000 	C:\WINDOWS\SYSTEM32\POWRPROF.dll
0x00007ffceace0000 - 0x00007ffcead15000 	C:\WINDOWS\SYSTEM32\WINMM.dll
0x00007ffce25a0000 - 0x00007ffce25ab000 	C:\WINDOWS\SYSTEM32\VERSION.dll
0x00007ffcf2cb0000 - 0x00007ffcf2cc4000 	C:\WINDOWS\SYSTEM32\UMPDC.dll
0x00007ffcf1bb0000 - 0x00007ffcf1bcb000 	C:\WINDOWS\SYSTEM32\kernel.appcore.dll
0x00007ffcdcb60000 - 0x00007ffcdcb6a000 	C:\Program Files\Amazon Corretto\jdk17.0.16_8\bin\jimage.dll
0x00007ffcd88c0000 - 0x00007ffcd8b01000 	C:\WINDOWS\SYSTEM32\DBGHELP.DLL
0x00007ffcf4b30000 - 0x00007ffcf4eb5000 	C:\WINDOWS\System32\combase.dll
0x00007ffcf59a0000 - 0x00007ffcf5a80000 	C:\WINDOWS\System32\OLEAUT32.dll
0x00007ffcd8530000 - 0x00007ffcd8573000 	C:\WINDOWS\SYSTEM32\dbgcore.DLL
0x00007ffcf3a30000 - 0x00007ffcf3ac9000 	C:\WINDOWS\System32\bcryptPrimitives.dll
0x00007ffcd2610000 - 0x00007ffcd2635000 	C:\Program Files\Amazon Corretto\jdk17.0.16_8\bin\java.dll
0x00007ffcbd7a0000 - 0x00007ffcbd877000 	C:\Program Files\Amazon Corretto\jdk17.0.16_8\bin\jsvml.dll
0x00007ffcf3e90000 - 0x00007ffcf45dd000 	C:\WINDOWS\System32\SHELL32.dll
0x00007ffcf3730000 - 0x00007ffcf38a3000 	C:\WINDOWS\System32\wintypes.dll
0x00007ffcf0a30000 - 0x00007ffcf128f000 	C:\WINDOWS\SYSTEM32\windows.storage.dll
0x00007ffcf3ba0000 - 0x00007ffcf3c95000 	C:\WINDOWS\System32\SHCORE.dll
0x00007ffcf5120000 - 0x00007ffcf518a000 	C:\WINDOWS\System32\shlwapi.dll
0x00007ffcf2d90000 - 0x00007ffcf2db9000 	C:\WINDOWS\SYSTEM32\profapi.dll
0x00007ffcd1740000 - 0x00007ffcd1759000 	C:\Program Files\Amazon Corretto\jdk17.0.16_8\bin\net.dll
0x00007ffcec720000 - 0x00007ffcec83e000 	C:\WINDOWS\SYSTEM32\WINHTTP.dll
0x00007ffcf2120000 - 0x00007ffcf218b000 	C:\WINDOWS\system32\mswsock.dll
0x00007ffcd1720000 - 0x00007ffcd1736000 	C:\Program Files\Amazon Corretto\jdk17.0.16_8\bin\nio.dll
0x00007ffcd0f60000 - 0x00007ffcd0f78000 	C:\Program Files\Amazon Corretto\jdk17.0.16_8\bin\zip.dll
0x00007ffcdc7a0000 - 0x00007ffcdc7b0000 	C:\Program Files\Amazon Corretto\jdk17.0.16_8\bin\verify.dll

dbghelp: loaded successfully - version: 4.0.5 - missing functions: none
symbol engine: initialized successfully - sym options: 0x614 - pdb path: .;C:\Program Files\Amazon Corretto\jdk17.0.16_8\bin;C:\WINDOWS\SYSTEM32;C:\WINDOWS\WinSxS\amd64_microsoft.windows.common-controls_6595b64144ccf1df_6.0.26100.4768_none_3e0c112ce331287c;C:\Program Files\Amazon Corretto\jdk17.0.16_8\bin\server

VM Arguments:
java_command: org.jetbrains.kotlin.cli.jvm.K2JVMCompiler @C:\WiseYoung1206_2\WiseYoung1206_2\WiseYoung\app\build\20251208_2924827280835700140.compiler.options
java_class_path (initial): C:\Users\Administrator\.gradle\caches\modules-2\files-2.1\org.jetbrains.kotlin\kotlin-compiler-embeddable\2.0.21\79346ed53db48b18312a472602eb5c057070c54d\kotlin-compiler-embeddable-2.0.21.jar;C:\Users\Administrator\.gradle\caches\modules-2\files-2.1\org.jetbrains.kotlin\kotlin-stdlib\2.0.21\618b539767b4899b4660a83006e052b63f1db551\kotlin-stdlib-2.0.21.jar;C:\Users\Administrator\.gradle\caches\modules-2\files-2.1\org.jetbrains.kotlin\kotlin-script-runtime\2.0.21\c9b044380ad41f89aa89aa896c2d32a8c0b2129d\kotlin-script-runtime-2.0.21.jar;C:\Users\Administrator\.gradle\caches\modules-2\files-2.1\org.jetbrains.kotlin\kotlin-reflect\1.6.10\1cbe9c92c12a94eea200d23c2bbaedaf3daf5132\kotlin-reflect-1.6.10.jar;C:\Users\Administrator\.gradle\caches\modules-2\files-2.1\org.jetbrains.kotlin\kotlin-daemon-embeddable\2.0.21\c9e933b23287de9b5a17e2116b4657bb91aea72c\kotlin-daemon-embeddable-2.0.21.jar;C:\Users\Administrator\.gradle\caches\modules-2\files-2.1\org.jetbrains.intellij.deps\trove4j\1.0.20200330\3afb14d5f9ceb459d724e907a21145e8ff394f02\trove4j-1.0.20200330.jar;C:\Users\Administrator\.gradle\caches\modules-2\files-2.1\org.jetbrains.kotlinx\kotlinx-coroutines-core-jvm\1.6.4\2c997cd1c0ef33f3e751d3831929aeff1390cb30\kotlinx-coroutines-core-jvm-1.6.4.jar;C:\Users\Administrator\.gradle\caches\modules-2\files-2.1\org.jetbrains\annotations\13.0\919f0dfe192fb4e063e7dacadee7f8bb9a2672a9\annotations-13.0.jar
Launcher Type: SUN_STANDARD

[Global flags]
     intx CICompilerCount                          = 12                                        {product} {ergonomic}
     uint ConcGCThreads                            = 4                                         {product} {ergonomic}
     uint G1ConcRefinementThreads                  = 15                                        {product} {ergonomic}
   size_t G1HeapRegionSize                         = 2097152                                   {product} {ergonomic}
    uintx GCDrainStackTargetSize                   = 64                                        {product} {ergonomic}
   size_t InitialHeapSize                          = 264241152                                 {product} {ergonomic}
   size_t MarkStackSize                            = 4194304                                   {product} {ergonomic}
   size_t MaxHeapSize                              = 4213178368                                {product} {ergonomic}
   size_t MaxNewSize                               = 2527068160                                {product} {ergonomic}
   size_t MinHeapDeltaBytes                        = 2097152                                   {product} {ergonomic}
   size_t MinHeapSize                              = 8388608                                   {product} {ergonomic}
    uintx NonNMethodCodeHeapSize                   = 7602480                                {pd product} {ergonomic}
    uintx NonProfiledCodeHeapSize                  = 122027880                              {pd product} {ergonomic}
    uintx ProfiledCodeHeapSize                     = 122027880                              {pd product} {ergonomic}
    uintx ReservedCodeCacheSize                    = 251658240                              {pd product} {ergonomic}
     bool SegmentedCodeCache                       = true                                      {product} {ergonomic}
   size_t SoftMaxHeapSize                          = 4213178368                             {manageable} {ergonomic}
     bool UseCompressedClassPointers               = true                           {product lp64_product} {ergonomic}
     bool UseCompressedOops                        = true                           {product lp64_product} {ergonomic}
     bool UseG1GC                                  = true                                      {product} {ergonomic}
     bool UseLargePagesIndividualAllocation        = false                                  {pd product} {ergonomic}

Logging:
Log output configuration:
 #0: stdout all=warning uptime,level,tags
 #1: stderr all=off uptime,level,tags

Environment Variables:
JAVA_HOME=C:\Program Files\Amazon Corretto\jdk17.0.16_8
CLASSPATH=C:\WiseYoung1206_2\WiseYoung1206_2\WiseYoung\\gradle\wrapper\gradle-wrapper.jar
PATH=C:\Python313\Scripts\;C:\Python313\;C:\Program Files\Amazon Corretto\jdk17.0.16_8\bin;C:\WINDOWS\system32;C:\WINDOWS;C:\WINDOWS\System32\Wbem;C:\WINDOWS\System32\WindowsPowerShell\v1.0\;C:\WINDOWS\System32\OpenSSH\;C:\Program Files\Docker\Docker\resources\bin;C:\Program Files\Git\cmd;C:\Program Files\Vagrant\bin;C:\Program Files\nodejs\;C:\ProgramData\chocolatey\bin;C:\Program Files\cursor\resources\app\bin;C:\Users\Administrator\AppData\Local\Microsoft\WindowsApps;;C:\Program Files\JetBrains\IntelliJ IDEA 2025.2.2\bin;C:\Users\Administrator\AppData\Local\SOOP;C:\Users\Administrator\AppData\Roaming\npm;C:\Users\Administrator\AppData\Local\Programs\Microsoft VS Code\bin
USERNAME=Administrator
TERM=dumb
OS=Windows_NT
PROCESSOR_IDENTIFIER=Intel64 Family 6 Model 151 Stepping 2, GenuineIntel
TMP=C:\Users\ADMINI~1\AppData\Local\Temp
TEMP=C:\Users\ADMINI~1\AppData\Local\Temp



Periodic native trim disabled


---------------  S Y S T E M  ---------------

OS:
 Windows 11 , 64 bit Build 26100 (10.0.26100.4768)
OS uptime: 2 days 19:00 hours
Hyper-V role detected

CPU: total 20 (initial active 20) (10 cores per cpu, 2 threads per core) family 6 model 151 stepping 2 microcode 0x36, cx8, cmov, fxsr, ht, mmx, 3dnowpref, sse, sse2, sse3, ssse3, sse4.1, sse4.2, popcnt, lzcnt, tsc, tscinvbit, avx, avx2, aes, erms, clmul, bmi1, bmi2, adx, sha, fma, vzeroupper, clflush, clflushopt, clwb, hv
Processor Information for processor 0
  Max Mhz: 2100, Current Mhz: 2100, Mhz Limit: 2100
Processor Information for processor 1
  Max Mhz: 2100, Current Mhz: 2100, Mhz Limit: 2100
Processor Information for processor 2
  Max Mhz: 2100, Current Mhz: 2100, Mhz Limit: 2100
Processor Information for processor 3
  Max Mhz: 2100, Current Mhz: 2100, Mhz Limit: 2100
Processor Information for processor 4
  Max Mhz: 2100, Current Mhz: 2100, Mhz Limit: 2100
Processor Information for processor 5
  Max Mhz: 2100, Current Mhz: 2100, Mhz Limit: 2100
Processor Information for processor 6
  Max Mhz: 2100, Current Mhz: 2100, Mhz Limit: 2100
Processor Information for processor 7
  Max Mhz: 2100, Current Mhz: 2100, Mhz Limit: 2100
Processor Information for processor 8
  Max Mhz: 2100, Current Mhz: 2100, Mhz Limit: 2100
Processor Information for processor 9
  Max Mhz: 2100, Current Mhz: 2100, Mhz Limit: 2100
Processor Information for processor 10
  Max Mhz: 2100, Current Mhz: 2100, Mhz Limit: 2100
Processor Information for processor 11
  Max Mhz: 2100, Current Mhz: 2100, Mhz Limit: 2100
Processor Information for processor 12
  Max Mhz: 2100, Current Mhz: 2100, Mhz Limit: 2100
Processor Information for processor 13
  Max Mhz: 2100, Current Mhz: 2100, Mhz Limit: 2100
Processor Information for processor 14
  Max Mhz: 2100, Current Mhz: 2100, Mhz Limit: 2100
Processor Information for processor 15
  Max Mhz: 2100, Current Mhz: 2100, Mhz Limit: 2100
Processor Information for processor 16
  Max Mhz: 2100, Current Mhz: 1600, Mhz Limit: 1596
Processor Information for processor 17
  Max Mhz: 2100, Current Mhz: 1600, Mhz Limit: 1596
Processor Information for processor 18
  Max Mhz: 2100, Current Mhz: 1600, Mhz Limit: 1596
Processor Information for processor 19
  Max Mhz: 2100, Current Mhz: 1600, Mhz Limit: 1596

Memory: 4k page, system-wide physical 16068M (1064M free)
TotalPageFile size 24260M (AvailPageFile size 123M)
current process WorkingSet (physical memory assigned to process): 1114M, peak: 1117M
current process commit charge ("private bytes"): 1161M, peak: 1295M

vm_info: OpenJDK 64-Bit Server VM (17.0.16+8-LTS) for windows-amd64 JRE (17.0.16+8-LTS), built on Jul  9 2025 19:25:12 by "Administrator" with MS VC++ 16.10 / 16.11 (VS2019)

END.
